[2026-04-07T05:55:23.249+0000] {taskinstance.py:1956} INFO - Dependencies all met for dep_context=non-requeueable deps ti=<TaskInstance: customer_transactions_etl.generate_data manual__2026-04-07T05:50:17.058005+00:00 [queued]>
[2026-04-07T05:55:23.254+0000] {taskinstance.py:1956} INFO - Dependencies all met for dep_context=requeueable deps ti=<TaskInstance: customer_transactions_etl.generate_data manual__2026-04-07T05:50:17.058005+00:00 [queued]>
[2026-04-07T05:55:23.255+0000] {taskinstance.py:2170} INFO - Starting attempt 3 of 4
[2026-04-07T05:55:23.262+0000] {taskinstance.py:2191} INFO - Executing <Task(PythonOperator): generate_data> on 2026-04-07 05:50:17.058005+00:00
[2026-04-07T05:55:23.267+0000] {standard_task_runner.py:60} INFO - Started process 309 to run task
[2026-04-07T05:55:23.269+0000] {standard_task_runner.py:87} INFO - Running: ['***', 'tasks', 'run', 'customer_transactions_etl', 'generate_data', 'manual__2026-04-07T05:50:17.058005+00:00', '--job-id', '42', '--raw', '--subdir', 'DAGS_FOLDER/pipeline_dag.py', '--cfg-path', '/tmp/tmphsxhm_vh']
[2026-04-07T05:55:23.271+0000] {standard_task_runner.py:88} INFO - Job 42: Subtask generate_data
[2026-04-07T05:55:23.305+0000] {task_command.py:423} INFO - Running <TaskInstance: customer_transactions_etl.generate_data manual__2026-04-07T05:50:17.058005+00:00 [running]> on host dd253c0ea888
[2026-04-07T05:55:23.367+0000] {taskinstance.py:2480} INFO - Exporting env vars: AIRFLOW_CTX_DAG_OWNER='data-engineering' AIRFLOW_CTX_DAG_ID='customer_transactions_etl' AIRFLOW_CTX_TASK_ID='generate_data' AIRFLOW_CTX_EXECUTION_DATE='2026-04-07T05:50:17.058005+00:00' AIRFLOW_CTX_TRY_NUMBER='3' AIRFLOW_CTX_DAG_RUN_ID='manual__2026-04-07T05:50:17.058005+00:00'
[2026-04-07T05:55:23.367+0000] {pipeline_dag.py:97} INFO - Installing required packages in spark_master...
[2026-04-07T05:55:30.243+0000] {pipeline_dag.py:103} INFO - faker installed ✅
[2026-04-07T05:55:30.243+0000] {pipeline_dag.py:106} INFO - Starting data generation...
[2026-04-07T05:55:56.205+0000] {pipeline_dag.py:84} INFO - :: loading settings :: url = jar:file:/opt/spark/jars/ivy-2.5.1.jar!/org/apache/ivy/core/settings/ivysettings.xml
🔄  Generating records...
✅  Generated 1100 records (35 with amount ≤ 0, including duplicates)
📝  Writing Delta table to /opt/data/delta-lake/customer_transactions ...
✅  Initial write complete (version 0)
🔄  Appending 100 more records (creates version 1)...
✅  Append complete (version 1)

📜  Delta Table History:
+-------+-----------------------+---------+--------------------------------------+
|version|timestamp              |operation|operationParameters                   |
+-------+-----------------------+---------+--------------------------------------+
|9      |2026-04-07 05:55:52.099|WRITE    |{mode -> Append, partitionBy -> []}   |
|8      |2026-04-07 05:55:49.483|WRITE    |{mode -> Overwrite, partitionBy -> []}|
|7      |2026-04-05 18:56:59.797|WRITE    |{mode -> Append, partitionBy -> []}   |
|6      |2026-04-05 18:56:57.254|WRITE    |{mode -> Overwrite, partitionBy -> []}|
|5      |2026-04-05 18:54:50.861|WRITE    |{mode -> Append, partitionBy -> []}   |
|4      |2026-04-05 18:54:48.6  |WRITE    |{mode -> Overwrite, partitionBy -> []}|
|3      |2026-04-05 18:53:42.026|WRITE    |{mode -> Append, partitionBy -> []}   |
|2      |2026-04-05 18:53:39.268|WRITE    |{mode -> Overwrite, partitionBy -> []}|
|1      |2026-04-05 15:08:36.648|WRITE    |{mode -> Append, partitionBy -> []}   |
|0      |2026-04-05 15:08:31.857|WRITE    |{mode -> Overwrite, partitionBy -> []}|
+-------+-----------------------+---------+--------------------------------------+


📊  Total records in Delta table: 1200

🎉  Data generation complete!

[2026-04-07T05:55:56.205+0000] {pipeline_dag.py:119} INFO - Data generation completed ✅
[2026-04-07T05:55:56.205+0000] {pipeline_dag.py:120} INFO - :: loading settings :: url = jar:file:/opt/spark/jars/ivy-2.5.1.jar!/org/apache/ivy/core/settings/ivysettings.xml
🔄  Generating records...
✅  Generated 1100 records (35 with amount ≤ 0, including duplicates)
📝  Writing Delta table to /opt/data/delta-lake/customer_transactions ...
✅  Initial write complete (version 0)
🔄  Appending 100 more records (creates version 1)...
✅  Append complete (version 1)

📜  Delta Table History:
+-------+-----------------------+---------+--------------------------------------+
|version|timestamp              |operation|operationParameters                   |
+-------+-----------------------+---------+--------------------------------------+
|9      |2026-04-07 05:55:52.099|WRITE    |{mode -> Append, partitionBy -> []}   |
|8      |2026-04-07 05:55:49.483|WRITE    |{mode -> Overwrite, partitionBy -> []}|
|7      |2026-04-05 18:56:59.797|WRITE    |{mode -> Append, partitionBy -> []}   |
|6      |2026-04-05 18:56:57.254|WRITE    |{mode -> Overwrite, partitionBy -> []}|
|5      |2026-04-05 18:54:50.861|WRITE    |{mode -> Append, partitionBy -> []}   |
|4      |2026-04-05 18:54:48.6  |WRITE    |{mode -> Overwrite, partitionBy -> []}|
|3      |2026-04-05 18:53:42.026|WRITE    |{mode -> Append, partitionBy -> []}   |
|2      |2026-04-05 18:53:39.268|WRITE    |{mode -> Overwrite, partitionBy -> []}|
|1      |2026-04-05 15:08:36.648|WRITE    |{mode -> Append, partitionBy -> []}   |
|0      |2026-04-05 15:08:31.857|WRITE    |{mode -> Overwrite, partitionBy -> []}|
+-------+-----------------------+---------+--------------------------------------+


📊  Total records in Delta table: 1200

🎉  Data generation complete!

[2026-04-07T05:55:56.205+0000] {python.py:201} INFO - Done. Returned value was: None
[2026-04-07T05:55:56.216+0000] {taskinstance.py:1138} INFO - Marking task as SUCCESS. dag_id=customer_transactions_etl, task_id=generate_data, execution_date=20260407T055017, start_date=20260407T055523, end_date=20260407T055556
[2026-04-07T05:55:56.241+0000] {local_task_job_runner.py:234} INFO - Task exited with return code 0
[2026-04-07T05:55:56.261+0000] {taskinstance.py:3280} INFO - 1 downstream tasks scheduled from follow-on schedule check
