[2026-04-05T18:57:05.470+0000] {taskinstance.py:1956} INFO - Dependencies all met for dep_context=non-requeueable deps ti=<TaskInstance: customer_transactions_etl.transform_and_load manual__2026-04-05T18:54:28.288449+00:00 [queued]>
[2026-04-05T18:57:05.475+0000] {taskinstance.py:1956} INFO - Dependencies all met for dep_context=requeueable deps ti=<TaskInstance: customer_transactions_etl.transform_and_load manual__2026-04-05T18:54:28.288449+00:00 [queued]>
[2026-04-05T18:57:05.475+0000] {taskinstance.py:2170} INFO - Starting attempt 1 of 2
[2026-04-05T18:57:05.485+0000] {taskinstance.py:2191} INFO - Executing <Task(PythonOperator): transform_and_load> on 2026-04-05 18:54:28.288449+00:00
[2026-04-05T18:57:05.490+0000] {standard_task_runner.py:60} INFO - Started process 868 to run task
[2026-04-05T18:57:05.492+0000] {standard_task_runner.py:87} INFO - Running: ['***', 'tasks', 'run', 'customer_transactions_etl', 'transform_and_load', 'manual__2026-04-05T18:54:28.288449+00:00', '--job-id', '35', '--raw', '--subdir', 'DAGS_FOLDER/pipeline_dag.py', '--cfg-path', '/tmp/tmpt6cy7qvy']
[2026-04-05T18:57:05.494+0000] {standard_task_runner.py:88} INFO - Job 35: Subtask transform_and_load
[2026-04-05T18:57:05.540+0000] {task_command.py:423} INFO - Running <TaskInstance: customer_transactions_etl.transform_and_load manual__2026-04-05T18:54:28.288449+00:00 [running]> on host 397b70554f8d
[2026-04-05T18:57:05.599+0000] {taskinstance.py:2480} INFO - Exporting env vars: AIRFLOW_CTX_DAG_OWNER='data-engineering' AIRFLOW_CTX_DAG_ID='customer_transactions_etl' AIRFLOW_CTX_TASK_ID='transform_and_load' AIRFLOW_CTX_EXECUTION_DATE='2026-04-05T18:54:28.288449+00:00' AIRFLOW_CTX_TRY_NUMBER='1' AIRFLOW_CTX_DAG_RUN_ID='manual__2026-04-05T18:54:28.288449+00:00'
[2026-04-05T18:57:35.774+0000] {pipeline_dag.py:130} INFO - :: loading settings :: url = jar:file:/opt/spark/jars/ivy-2.5.1.jar!/org/apache/ivy/core/settings/ivysettings.xml
2026-04-05 18:57:09,146 [INFO] ============================================================
2026-04-05 18:57:09,146 [INFO]   Customer Transactions ETL Job — START
2026-04-05 18:57:09,146 [INFO] ============================================================
2026-04-05 18:57:09,146 [INFO] Creating Spark session...
2026-04-05 18:57:10,869 [INFO] Spark session created ✅
2026-04-05 18:57:10,869 [INFO] Reading Delta table from /opt/data/delta-lake/customer_transactions ...
2026-04-05 18:57:21,815 [INFO] Extracted 1,200 raw records ✅
2026-04-05 18:57:21,815 [INFO] Parsing timestamp column...
2026-04-05 18:57:21,909 [INFO] Deduplicating on transaction_id...
2026-04-05 18:57:26,136 [INFO] Removed 55 duplicates (1,145 records remaining) ✅
2026-04-05 18:57:26,136 [INFO] Filtering invalid amounts (amount <= 0)...
2026-04-05 18:57:27,173 [INFO] Removed 35 invalid-amount rows (1,110 valid records) ✅
2026-04-05 18:57:27,173 [INFO] Adding transaction_date column...
2026-04-05 18:57:27,186 [INFO] Aggregating daily totals per customer...
2026-04-05 18:57:28,413 [INFO] Aggregation complete — 1,066 (customer, date) combinations ✅
2026-04-05 18:57:28,414 [INFO] Sample output:
+-----------+----------------+-----------+
|customer_id|transaction_date|daily_total|
+-----------+----------------+-----------+
|C00001     |2026-02-05      |1047.01    |
|C00001     |2026-02-18      |457.45     |
|C00001     |2026-02-27      |1551.5     |
|C00001     |2026-03-07      |503.64     |
|C00001     |2026-03-16      |1243.85    |
|C00001     |2026-03-21      |1808.68    |
|C00001     |2026-03-29      |365.68     |
|C00001     |2026-03-31      |1262.38    |
|C00002     |2026-02-18      |612.39     |
|C00002     |2026-02-24      |115.39     |
+-----------+----------------+-----------+
only showing top 10 rows

2026-04-05 18:57:29,392 [INFO] Running data quality checks...
2026-04-05 18:57:31,914 [INFO] All data quality checks passed ✅
2026-04-05 18:57:31,914 [INFO] Loading data into ScyllaDB transactions_ks.daily_customer_totals ...
2026-04-05 18:57:35,338 [INFO] Successfully loaded 1,066 rows into ScyllaDB ✅
2026-04-05 18:57:35,338 [INFO] 
🎉  ETL Job completed successfully in 26.2s

[2026-04-05T18:57:35.775+0000] {pipeline_dag.py:136} INFO - Spark ETL completed successfully ✅
[2026-04-05T18:57:35.775+0000] {python.py:201} INFO - Done. Returned value was: None
[2026-04-05T18:57:35.785+0000] {taskinstance.py:1138} INFO - Marking task as SUCCESS. dag_id=customer_transactions_etl, task_id=transform_and_load, execution_date=20260405T185428, start_date=20260405T185705, end_date=20260405T185735
[2026-04-05T18:57:35.824+0000] {local_task_job_runner.py:234} INFO - Task exited with return code 0
[2026-04-05T18:57:35.842+0000] {taskinstance.py:3280} INFO - 1 downstream tasks scheduled from follow-on schedule check
