[2026-04-05T14:53:44.862+0000] {taskinstance.py:1956} INFO - Dependencies all met for dep_context=non-requeueable deps ti=<TaskInstance: customer_transactions_etl.check_delta_dq scheduled__2026-04-04T02:00:00+00:00 [queued]>
[2026-04-05T14:53:44.867+0000] {taskinstance.py:1956} INFO - Dependencies all met for dep_context=requeueable deps ti=<TaskInstance: customer_transactions_etl.check_delta_dq scheduled__2026-04-04T02:00:00+00:00 [queued]>
[2026-04-05T14:53:44.868+0000] {taskinstance.py:2170} INFO - Starting attempt 2 of 3
[2026-04-05T14:53:44.877+0000] {taskinstance.py:2191} INFO - Executing <Task(BranchPythonOperator): check_delta_dq> on 2026-04-04 02:00:00+00:00
[2026-04-05T14:53:44.882+0000] {standard_task_runner.py:60} INFO - Started process 253 to run task
[2026-04-05T14:53:44.884+0000] {standard_task_runner.py:87} INFO - Running: ['***', 'tasks', 'run', 'customer_transactions_etl', 'check_delta_dq', 'scheduled__2026-04-04T02:00:00+00:00', '--job-id', '3', '--raw', '--subdir', 'DAGS_FOLDER/pipeline_dag.py', '--cfg-path', '/tmp/tmpb80v6ifu']
[2026-04-05T14:53:44.885+0000] {standard_task_runner.py:88} INFO - Job 3: Subtask check_delta_dq
[2026-04-05T14:53:44.921+0000] {task_command.py:423} INFO - Running <TaskInstance: customer_transactions_etl.check_delta_dq scheduled__2026-04-04T02:00:00+00:00 [running]> on host c3c8756ce566
[2026-04-05T14:53:44.973+0000] {taskinstance.py:2480} INFO - Exporting env vars: AIRFLOW_CTX_DAG_OWNER='data-engineering' AIRFLOW_CTX_DAG_ID='customer_transactions_etl' AIRFLOW_CTX_TASK_ID='check_delta_dq' AIRFLOW_CTX_EXECUTION_DATE='2026-04-04T02:00:00+00:00' AIRFLOW_CTX_TRY_NUMBER='2' AIRFLOW_CTX_DAG_RUN_ID='scheduled__2026-04-04T02:00:00+00:00'
[2026-04-05T14:53:44.974+0000] {taskinstance.py:2698} ERROR - Task failed with exception
Traceback (most recent call last):
  File "/home/airflow/.local/lib/python3.11/site-packages/airflow/models/taskinstance.py", line 433, in _execute_task
    result = execute_callable(context=context, **execute_callable_kwargs)
             ^^^^^^^^^^^^^^^^^^^^^^^^^^^^^^^^^^^^^^^^^^^^^^^^^^^^^^^^^^^^
  File "/home/airflow/.local/lib/python3.11/site-packages/airflow/operators/python.py", line 233, in execute
    return self.do_branch(context, super().execute(context))
                                   ^^^^^^^^^^^^^^^^^^^^^^^^
  File "/home/airflow/.local/lib/python3.11/site-packages/airflow/operators/python.py", line 199, in execute
    return_value = self.execute_callable()
                   ^^^^^^^^^^^^^^^^^^^^^^^
  File "/home/airflow/.local/lib/python3.11/site-packages/airflow/operators/python.py", line 216, in execute_callable
    return self.python_callable(*self.op_args, **self.op_kwargs)
           ^^^^^^^^^^^^^^^^^^^^^^^^^^^^^^^^^^^^^^^^^^^^^^^^^^^^^
  File "/opt/airflow/dags/pipeline_dag.py", line 71, in check_delta_table
    from pyspark.sql import SparkSession
ModuleNotFoundError: No module named 'pyspark'
[2026-04-05T14:53:44.981+0000] {taskinstance.py:1138} INFO - Marking task as UP_FOR_RETRY. dag_id=customer_transactions_etl, task_id=check_delta_dq, execution_date=20260404T020000, start_date=20260405T145344, end_date=20260405T145344
[2026-04-05T14:53:44.988+0000] {standard_task_runner.py:107} ERROR - Failed to execute job 3 for task check_delta_dq (No module named 'pyspark'; 253)
[2026-04-05T14:53:45.016+0000] {local_task_job_runner.py:234} INFO - Task exited with return code 1
[2026-04-05T14:53:45.040+0000] {taskinstance.py:3280} INFO - 0 downstream tasks scheduled from follow-on schedule check
[2026-04-05T15:59:12.322+0000] {taskinstance.py:1956} INFO - Dependencies all met for dep_context=non-requeueable deps ti=<TaskInstance: customer_transactions_etl.check_delta_dq scheduled__2026-04-04T02:00:00+00:00 [queued]>
[2026-04-05T15:59:12.331+0000] {taskinstance.py:1956} INFO - Dependencies all met for dep_context=requeueable deps ti=<TaskInstance: customer_transactions_etl.check_delta_dq scheduled__2026-04-04T02:00:00+00:00 [queued]>
[2026-04-05T15:59:12.331+0000] {taskinstance.py:2170} INFO - Starting attempt 2 of 4
[2026-04-05T15:59:12.339+0000] {taskinstance.py:2191} INFO - Executing <Task(BranchPythonOperator): check_delta_dq> on 2026-04-04 02:00:00+00:00
[2026-04-05T15:59:12.344+0000] {standard_task_runner.py:60} INFO - Started process 519 to run task
[2026-04-05T15:59:12.346+0000] {standard_task_runner.py:87} INFO - Running: ['***', 'tasks', 'run', 'customer_transactions_etl', 'check_delta_dq', 'scheduled__2026-04-04T02:00:00+00:00', '--job-id', '3', '--raw', '--subdir', 'DAGS_FOLDER/pipeline_dag.py', '--cfg-path', '/tmp/tmpm552hcoj']
[2026-04-05T15:59:12.348+0000] {standard_task_runner.py:88} INFO - Job 3: Subtask check_delta_dq
[2026-04-05T15:59:12.386+0000] {task_command.py:423} INFO - Running <TaskInstance: customer_transactions_etl.check_delta_dq scheduled__2026-04-04T02:00:00+00:00 [running]> on host 8930cc63fb40
[2026-04-05T15:59:12.453+0000] {taskinstance.py:2480} INFO - Exporting env vars: AIRFLOW_CTX_DAG_OWNER='data-engineering' AIRFLOW_CTX_DAG_ID='customer_transactions_etl' AIRFLOW_CTX_TASK_ID='check_delta_dq' AIRFLOW_CTX_EXECUTION_DATE='2026-04-04T02:00:00+00:00' AIRFLOW_CTX_TRY_NUMBER='2' AIRFLOW_CTX_DAG_RUN_ID='scheduled__2026-04-04T02:00:00+00:00'
[2026-04-05T15:59:12.454+0000] {pipeline_dag.py:74} INFO - Checking Delta table at /opt/***/delta-lake/customer_transactions ...
[2026-04-05T15:59:12.455+0000] {pipeline_dag.py:91} INFO - Found 8 parquet files in Delta table
[2026-04-05T15:59:12.469+0000] {pipeline_dag.py:98} INFO - Delta table check passed ✅
[2026-04-05T15:59:12.469+0000] {python.py:201} INFO - Done. Returned value was: transform_and_load
[2026-04-05T15:59:12.470+0000] {branch.py:35} INFO - Branch into transform_and_load
[2026-04-05T15:59:12.470+0000] {skipmixin.py:178} INFO - Following branch transform_and_load
[2026-04-05T15:59:12.490+0000] {skipmixin.py:244} INFO - Skipping tasks [('dq_fail_alert', -1)]
[2026-04-05T15:59:12.524+0000] {taskinstance.py:1138} INFO - Marking task as SUCCESS. dag_id=customer_transactions_etl, task_id=check_delta_dq, execution_date=20260404T020000, start_date=20260405T155912, end_date=20260405T155912
[2026-04-05T15:59:12.558+0000] {local_task_job_runner.py:234} INFO - Task exited with return code 0
[2026-04-05T15:59:12.587+0000] {taskinstance.py:3280} INFO - 1 downstream tasks scheduled from follow-on schedule check
