[2026-04-05T14:45:02.238+0000] {taskinstance.py:1956} INFO - Dependencies all met for dep_context=non-requeueable deps ti=<TaskInstance: customer_transactions_etl.check_delta_dq scheduled__2026-04-04T02:00:00+00:00 [queued]>
[2026-04-05T14:45:02.244+0000] {taskinstance.py:1956} INFO - Dependencies all met for dep_context=requeueable deps ti=<TaskInstance: customer_transactions_etl.check_delta_dq scheduled__2026-04-04T02:00:00+00:00 [queued]>
[2026-04-05T14:45:02.244+0000] {taskinstance.py:2170} INFO - Starting attempt 1 of 3
[2026-04-05T14:45:02.254+0000] {taskinstance.py:2191} INFO - Executing <Task(BranchPythonOperator): check_delta_dq> on 2026-04-04 02:00:00+00:00
[2026-04-05T14:45:02.260+0000] {standard_task_runner.py:60} INFO - Started process 166 to run task
[2026-04-05T14:45:02.263+0000] {standard_task_runner.py:87} INFO - Running: ['***', 'tasks', 'run', 'customer_transactions_etl', 'check_delta_dq', 'scheduled__2026-04-04T02:00:00+00:00', '--job-id', '2', '--raw', '--subdir', 'DAGS_FOLDER/pipeline_dag.py', '--cfg-path', '/tmp/tmpby99zrvw']
[2026-04-05T14:45:02.264+0000] {standard_task_runner.py:88} INFO - Job 2: Subtask check_delta_dq
[2026-04-05T14:45:02.316+0000] {task_command.py:423} INFO - Running <TaskInstance: customer_transactions_etl.check_delta_dq scheduled__2026-04-04T02:00:00+00:00 [running]> on host c3c8756ce566
[2026-04-05T14:45:02.399+0000] {taskinstance.py:2480} INFO - Exporting env vars: AIRFLOW_CTX_DAG_OWNER='data-engineering' AIRFLOW_CTX_DAG_ID='customer_transactions_etl' AIRFLOW_CTX_TASK_ID='check_delta_dq' AIRFLOW_CTX_EXECUTION_DATE='2026-04-04T02:00:00+00:00' AIRFLOW_CTX_TRY_NUMBER='1' AIRFLOW_CTX_DAG_RUN_ID='scheduled__2026-04-04T02:00:00+00:00'
[2026-04-05T14:45:02.400+0000] {taskinstance.py:2698} ERROR - Task failed with exception
Traceback (most recent call last):
  File "/home/airflow/.local/lib/python3.11/site-packages/airflow/models/taskinstance.py", line 433, in _execute_task
    result = execute_callable(context=context, **execute_callable_kwargs)
             ^^^^^^^^^^^^^^^^^^^^^^^^^^^^^^^^^^^^^^^^^^^^^^^^^^^^^^^^^^^^
  File "/home/airflow/.local/lib/python3.11/site-packages/airflow/operators/python.py", line 233, in execute
    return self.do_branch(context, super().execute(context))
                                   ^^^^^^^^^^^^^^^^^^^^^^^^
  File "/home/airflow/.local/lib/python3.11/site-packages/airflow/operators/python.py", line 199, in execute
    return_value = self.execute_callable()
                   ^^^^^^^^^^^^^^^^^^^^^^^
  File "/home/airflow/.local/lib/python3.11/site-packages/airflow/operators/python.py", line 216, in execute_callable
    return self.python_callable(*self.op_args, **self.op_kwargs)
           ^^^^^^^^^^^^^^^^^^^^^^^^^^^^^^^^^^^^^^^^^^^^^^^^^^^^^
  File "/opt/airflow/dags/pipeline_dag.py", line 71, in check_delta_table
    from pyspark.sql import SparkSession
ModuleNotFoundError: No module named 'pyspark'
[2026-04-05T14:45:02.411+0000] {taskinstance.py:1138} INFO - Marking task as UP_FOR_RETRY. dag_id=customer_transactions_etl, task_id=check_delta_dq, execution_date=20260404T020000, start_date=20260405T144502, end_date=20260405T144502
[2026-04-05T14:45:02.421+0000] {standard_task_runner.py:107} ERROR - Failed to execute job 2 for task check_delta_dq (No module named 'pyspark'; 166)
[2026-04-05T14:45:02.436+0000] {local_task_job_runner.py:234} INFO - Task exited with return code 1
[2026-04-05T14:45:02.461+0000] {taskinstance.py:3280} INFO - 0 downstream tasks scheduled from follow-on schedule check
[2026-04-05T15:51:55.694+0000] {taskinstance.py:1956} INFO - Dependencies all met for dep_context=non-requeueable deps ti=<TaskInstance: customer_transactions_etl.check_delta_dq scheduled__2026-04-04T02:00:00+00:00 [queued]>
[2026-04-05T15:51:55.701+0000] {taskinstance.py:1956} INFO - Dependencies all met for dep_context=requeueable deps ti=<TaskInstance: customer_transactions_etl.check_delta_dq scheduled__2026-04-04T02:00:00+00:00 [queued]>
[2026-04-05T15:51:55.701+0000] {taskinstance.py:2170} INFO - Starting attempt 1 of 3
[2026-04-05T15:51:55.711+0000] {taskinstance.py:2191} INFO - Executing <Task(BranchPythonOperator): check_delta_dq> on 2026-04-04 02:00:00+00:00
[2026-04-05T15:51:55.716+0000] {standard_task_runner.py:60} INFO - Started process 422 to run task
[2026-04-05T15:51:55.719+0000] {standard_task_runner.py:87} INFO - Running: ['***', 'tasks', 'run', 'customer_transactions_etl', 'check_delta_dq', 'scheduled__2026-04-04T02:00:00+00:00', '--job-id', '2', '--raw', '--subdir', 'DAGS_FOLDER/pipeline_dag.py', '--cfg-path', '/tmp/tmphibs9owi']
[2026-04-05T15:51:55.721+0000] {standard_task_runner.py:88} INFO - Job 2: Subtask check_delta_dq
[2026-04-05T15:51:55.768+0000] {task_command.py:423} INFO - Running <TaskInstance: customer_transactions_etl.check_delta_dq scheduled__2026-04-04T02:00:00+00:00 [running]> on host 8930cc63fb40
[2026-04-05T15:51:55.837+0000] {taskinstance.py:2480} INFO - Exporting env vars: AIRFLOW_CTX_DAG_OWNER='data-engineering' AIRFLOW_CTX_DAG_ID='customer_transactions_etl' AIRFLOW_CTX_TASK_ID='check_delta_dq' AIRFLOW_CTX_EXECUTION_DATE='2026-04-04T02:00:00+00:00' AIRFLOW_CTX_TRY_NUMBER='1' AIRFLOW_CTX_DAG_RUN_ID='scheduled__2026-04-04T02:00:00+00:00'
[2026-04-05T15:51:55.839+0000] {taskinstance.py:2698} ERROR - Task failed with exception
Traceback (most recent call last):
  File "/home/airflow/.local/lib/python3.11/site-packages/airflow/models/taskinstance.py", line 433, in _execute_task
    result = execute_callable(context=context, **execute_callable_kwargs)
             ^^^^^^^^^^^^^^^^^^^^^^^^^^^^^^^^^^^^^^^^^^^^^^^^^^^^^^^^^^^^
  File "/home/airflow/.local/lib/python3.11/site-packages/airflow/operators/python.py", line 233, in execute
    return self.do_branch(context, super().execute(context))
                                   ^^^^^^^^^^^^^^^^^^^^^^^^
  File "/home/airflow/.local/lib/python3.11/site-packages/airflow/operators/python.py", line 199, in execute
    return_value = self.execute_callable()
                   ^^^^^^^^^^^^^^^^^^^^^^^
  File "/home/airflow/.local/lib/python3.11/site-packages/airflow/operators/python.py", line 216, in execute_callable
    return self.python_callable(*self.op_args, **self.op_kwargs)
           ^^^^^^^^^^^^^^^^^^^^^^^^^^^^^^^^^^^^^^^^^^^^^^^^^^^^^
  File "/opt/airflow/dags/pipeline_dag.py", line 67, in check_delta_table
    from pyspark.sql import SparkSession
ModuleNotFoundError: No module named 'pyspark'
[2026-04-05T15:51:55.848+0000] {taskinstance.py:1138} INFO - Marking task as UP_FOR_RETRY. dag_id=customer_transactions_etl, task_id=check_delta_dq, execution_date=20260404T020000, start_date=20260405T155155, end_date=20260405T155155
[2026-04-05T15:51:55.859+0000] {standard_task_runner.py:107} ERROR - Failed to execute job 2 for task check_delta_dq (No module named 'pyspark'; 422)
[2026-04-05T15:51:55.891+0000] {local_task_job_runner.py:234} INFO - Task exited with return code 1
[2026-04-05T15:51:55.911+0000] {taskinstance.py:3280} INFO - 0 downstream tasks scheduled from follow-on schedule check
