[2026-04-05T18:06:53.628+0000] {taskinstance.py:1956} INFO - Dependencies all met for dep_context=non-requeueable deps ti=<TaskInstance: customer_transactions_etl.transform_and_load manual__2026-04-05T15:51:58.796905+00:00 [queued]>
[2026-04-05T18:06:53.638+0000] {taskinstance.py:1956} INFO - Dependencies all met for dep_context=requeueable deps ti=<TaskInstance: customer_transactions_etl.transform_and_load manual__2026-04-05T15:51:58.796905+00:00 [queued]>
[2026-04-05T18:06:53.638+0000] {taskinstance.py:2170} INFO - Starting attempt 5 of 7
[2026-04-05T18:06:53.649+0000] {taskinstance.py:2191} INFO - Executing <Task(PythonOperator): transform_and_load> on 2026-04-05 15:51:58.796905+00:00
[2026-04-05T18:06:53.654+0000] {standard_task_runner.py:60} INFO - Started process 697 to run task
[2026-04-05T18:06:53.656+0000] {standard_task_runner.py:87} INFO - Running: ['***', 'tasks', 'run', 'customer_transactions_etl', 'transform_and_load', 'manual__2026-04-05T15:51:58.796905+00:00', '--job-id', '15', '--raw', '--subdir', 'DAGS_FOLDER/pipeline_dag.py', '--cfg-path', '/tmp/tmp_o0tx_6i']
[2026-04-05T18:06:53.657+0000] {standard_task_runner.py:88} INFO - Job 15: Subtask transform_and_load
[2026-04-05T18:06:53.694+0000] {task_command.py:423} INFO - Running <TaskInstance: customer_transactions_etl.transform_and_load manual__2026-04-05T15:51:58.796905+00:00 [running]> on host 397b70554f8d
[2026-04-05T18:06:53.751+0000] {taskinstance.py:2480} INFO - Exporting env vars: AIRFLOW_CTX_DAG_OWNER='data-engineering' AIRFLOW_CTX_DAG_ID='customer_transactions_etl' AIRFLOW_CTX_TASK_ID='transform_and_load' AIRFLOW_CTX_EXECUTION_DATE='2026-04-05T15:51:58.796905+00:00' AIRFLOW_CTX_TRY_NUMBER='5' AIRFLOW_CTX_DAG_RUN_ID='manual__2026-04-05T15:51:58.796905+00:00'
[2026-04-05T18:07:26.479+0000] {pipeline_dag.py:118} INFO - :: loading settings :: url = jar:file:/opt/spark/jars/ivy-2.5.1.jar!/org/apache/ivy/core/settings/ivysettings.xml
2026-04-05 18:06:57,611 [INFO] ============================================================
2026-04-05 18:06:57,611 [INFO]   Customer Transactions ETL Job — START
2026-04-05 18:06:57,611 [INFO] ============================================================
2026-04-05 18:06:57,611 [INFO] Creating Spark session...
2026-04-05 18:06:59,623 [INFO] Spark session created ✅
2026-04-05 18:06:59,623 [INFO] Reading Delta table from /opt/data/delta-lake/customer_transactions ...
2026-04-05 18:07:11,868 [INFO] Extracted 1,200 raw records ✅
2026-04-05 18:07:11,868 [INFO] Parsing timestamp column...
2026-04-05 18:07:11,889 [INFO] Deduplicating on transaction_id...
2026-04-05 18:07:16,362 [INFO] Removed 50 duplicates (1,150 records remaining) ✅
2026-04-05 18:07:16,362 [INFO] Filtering invalid amounts (amount <= 0)...
2026-04-05 18:07:17,530 [INFO] Removed 44 invalid-amount rows (1,106 valid records) ✅
2026-04-05 18:07:17,531 [INFO] Adding transaction_date column...
2026-04-05 18:07:17,548 [INFO] Aggregating daily totals per customer...
2026-04-05 18:07:18,770 [INFO] Aggregation complete — 1,064 (customer, date) combinations ✅
2026-04-05 18:07:18,770 [INFO] Sample output:
+-----------+----------------+-----------+
|customer_id|transaction_date|daily_total|
+-----------+----------------+-----------+
|C00001     |2026-02-13      |784.32     |
|C00001     |2026-02-28      |937.73     |
|C00001     |2026-03-06      |1260.88    |
|C00001     |2026-04-01      |1803.57    |
|C00002     |2026-02-05      |184.52     |
|C00002     |2026-02-11      |783.59     |
|C00002     |2026-02-14      |183.06     |
|C00002     |2026-02-18      |873.33     |
|C00002     |2026-02-20      |170.96     |
|C00002     |2026-02-24      |341.45     |
+-----------+----------------+-----------+
only showing top 10 rows

2026-04-05 18:07:19,985 [INFO] Running data quality checks...
2026-04-05 18:07:22,668 [INFO] All data quality checks passed ✅
2026-04-05 18:07:22,669 [INFO] Loading data into ScyllaDB transactions_ks.daily_customer_totals ...
2026-04-05 18:07:25,956 [INFO] Successfully loaded 1,064 rows into ScyllaDB ✅
2026-04-05 18:07:25,956 [INFO] 
🎉  ETL Job completed successfully in 28.3s

[2026-04-05T18:07:26.479+0000] {pipeline_dag.py:124} INFO - Spark ETL completed successfully ✅
[2026-04-05T18:07:26.480+0000] {python.py:201} INFO - Done. Returned value was: None
[2026-04-05T18:07:26.489+0000] {taskinstance.py:1138} INFO - Marking task as SUCCESS. dag_id=customer_transactions_etl, task_id=transform_and_load, execution_date=20260405T155158, start_date=20260405T180653, end_date=20260405T180726
[2026-04-05T18:07:26.525+0000] {local_task_job_runner.py:234} INFO - Task exited with return code 0
[2026-04-05T18:07:26.545+0000] {taskinstance.py:3280} INFO - 1 downstream tasks scheduled from follow-on schedule check
