[2026-04-05T17:44:32.261+0000] {taskinstance.py:1956} INFO - Dependencies all met for dep_context=non-requeueable deps ti=<TaskInstance: customer_transactions_etl.transform_and_load manual__2026-04-05T15:51:58.796905+00:00 [queued]>
[2026-04-05T17:44:32.268+0000] {taskinstance.py:1956} INFO - Dependencies all met for dep_context=requeueable deps ti=<TaskInstance: customer_transactions_etl.transform_and_load manual__2026-04-05T15:51:58.796905+00:00 [queued]>
[2026-04-05T17:44:32.268+0000] {taskinstance.py:2170} INFO - Starting attempt 3 of 5
[2026-04-05T17:44:32.276+0000] {taskinstance.py:2191} INFO - Executing <Task(PythonOperator): transform_and_load> on 2026-04-05 15:51:58.796905+00:00
[2026-04-05T17:44:32.281+0000] {standard_task_runner.py:60} INFO - Started process 420 to run task
[2026-04-05T17:44:32.283+0000] {standard_task_runner.py:87} INFO - Running: ['***', 'tasks', 'run', 'customer_transactions_etl', 'transform_and_load', 'manual__2026-04-05T15:51:58.796905+00:00', '--job-id', '13', '--raw', '--subdir', 'DAGS_FOLDER/pipeline_dag.py', '--cfg-path', '/tmp/tmpxa_625s9']
[2026-04-05T17:44:32.284+0000] {standard_task_runner.py:88} INFO - Job 13: Subtask transform_and_load
[2026-04-05T17:44:32.320+0000] {task_command.py:423} INFO - Running <TaskInstance: customer_transactions_etl.transform_and_load manual__2026-04-05T15:51:58.796905+00:00 [running]> on host 397b70554f8d
[2026-04-05T17:44:32.373+0000] {taskinstance.py:2480} INFO - Exporting env vars: AIRFLOW_CTX_DAG_OWNER='data-engineering' AIRFLOW_CTX_DAG_ID='customer_transactions_etl' AIRFLOW_CTX_TASK_ID='transform_and_load' AIRFLOW_CTX_EXECUTION_DATE='2026-04-05T15:51:58.796905+00:00' AIRFLOW_CTX_TRY_NUMBER='3' AIRFLOW_CTX_DAG_RUN_ID='manual__2026-04-05T15:51:58.796905+00:00'
[2026-04-05T17:44:35.216+0000] {pipeline_dag.py:119} INFO - :: loading settings :: url = jar:file:/opt/spark/jars/ivy-2.5.1.jar!/org/apache/ivy/core/settings/ivysettings.xml
python3: can't open file '/opt/scripts/etl_job.py': [Errno 2] No such file or directory

[2026-04-05T17:44:35.217+0000] {pipeline_dag.py:122} ERROR - Ivy Default Cache set to: /root/.ivy2/cache
The jars for the packages stored in: /root/.ivy2/jars
io.delta#delta-spark_2.12 added as a dependency
com.datastax.spark#spark-cassandra-connector_2.12 added as a dependency
:: resolving dependencies :: org.apache.spark#spark-submit-parent-33a7641b-f4a2-47ec-80fb-92118b25a2b2;1.0
	confs: [default]
	found io.delta#delta-spark_2.12;3.1.0 in central
	found io.delta#delta-storage;3.1.0 in central
	found org.antlr#antlr4-runtime;4.9.3 in central
	found com.datastax.spark#spark-cassandra-connector_2.12;3.5.0 in central
	found com.datastax.spark#spark-cassandra-connector-driver_2.12;3.5.0 in central
	found org.scala-lang.modules#scala-collection-compat_2.12;2.11.0 in central
	found com.datastax.oss#java-driver-core-shaded;4.13.0 in central
	found com.datastax.oss#native-protocol;1.5.0 in central
	found com.datastax.oss#java-driver-shaded-guava;25.1-jre-graal-sub-1 in central
	found com.typesafe#config;1.4.1 in central
	found org.slf4j#slf4j-api;1.7.26 in central
	found io.dropwizard.metrics#metrics-core;4.1.18 in central
	found org.hdrhistogram#HdrHistogram;2.1.12 in central
	found org.reactivestreams#reactive-streams;1.0.3 in central
	found com.github.stephenc.jcip#jcip-annotations;1.0-1 in central
	found com.github.spotbugs#spotbugs-annotations;3.1.12 in central
	found com.google.code.findbugs#jsr305;3.0.2 in central
	found com.datastax.oss#java-driver-mapper-runtime;4.13.0 in central
	found com.datastax.oss#java-driver-query-builder;4.13.0 in central
	found org.apache.commons#commons-lang3;3.10 in central
	found com.thoughtworks.paranamer#paranamer;2.8 in central
	found org.scala-lang#scala-reflect;2.12.11 in central
:: resolution report :: resolve 558ms :: artifacts dl 22ms
	:: modules in use:
	com.datastax.oss#java-driver-core-shaded;4.13.0 from central in [default]
	com.datastax.oss#java-driver-mapper-runtime;4.13.0 from central in [default]
	com.datastax.oss#java-driver-query-builder;4.13.0 from central in [default]
	com.datastax.oss#java-driver-shaded-guava;25.1-jre-graal-sub-1 from central in [default]
	com.datastax.oss#native-protocol;1.5.0 from central in [default]
	com.datastax.spark#spark-cassandra-connector-driver_2.12;3.5.0 from central in [default]
	com.datastax.spark#spark-cassandra-connector_2.12;3.5.0 from central in [default]
	com.github.spotbugs#spotbugs-annotations;3.1.12 from central in [default]
	com.github.stephenc.jcip#jcip-annotations;1.0-1 from central in [default]
	com.google.code.findbugs#jsr305;3.0.2 from central in [default]
	com.thoughtworks.paranamer#paranamer;2.8 from central in [default]
	com.typesafe#config;1.4.1 from central in [default]
	io.delta#delta-spark_2.12;3.1.0 from central in [default]
	io.delta#delta-storage;3.1.0 from central in [default]
	io.dropwizard.metrics#metrics-core;4.1.18 from central in [default]
	org.antlr#antlr4-runtime;4.9.3 from central in [default]
	org.apache.commons#commons-lang3;3.10 from central in [default]
	org.hdrhistogram#HdrHistogram;2.1.12 from central in [default]
	org.reactivestreams#reactive-streams;1.0.3 from central in [default]
	org.scala-lang#scala-reflect;2.12.11 from central in [default]
	org.scala-lang.modules#scala-collection-compat_2.12;2.11.0 from central in [default]
	org.slf4j#slf4j-api;1.7.26 from central in [default]
	---------------------------------------------------------------------
	|                  |            modules            ||   artifacts   |
	|       conf       | number| search|dwnlded|evicted|| number|dwnlded|
	---------------------------------------------------------------------
	|      default     |   22  |   0   |   0   |   0   ||   22  |   0   |
	---------------------------------------------------------------------
:: retrieving :: org.apache.spark#spark-submit-parent-33a7641b-f4a2-47ec-80fb-92118b25a2b2
	confs: [default]
	0 artifacts copied, 22 already retrieved (0kB/12ms)
26/04/05 17:44:34 WARN NativeCodeLoader: Unable to load native-hadoop library for your platform... using builtin-java classes where applicable
26/04/05 17:44:35 INFO ShutdownHookManager: Shutdown hook called
26/04/05 17:44:35 INFO ShutdownHookManager: Deleting directory /tmp/spark-6ba746d9-af78-48d8-8184-7a7e85543534

[2026-04-05T17:44:35.217+0000] {taskinstance.py:2698} ERROR - Task failed with exception
Traceback (most recent call last):
  File "/home/airflow/.local/lib/python3.11/site-packages/airflow/models/taskinstance.py", line 433, in _execute_task
    result = execute_callable(context=context, **execute_callable_kwargs)
             ^^^^^^^^^^^^^^^^^^^^^^^^^^^^^^^^^^^^^^^^^^^^^^^^^^^^^^^^^^^^
  File "/home/airflow/.local/lib/python3.11/site-packages/airflow/operators/python.py", line 199, in execute
    return_value = self.execute_callable()
                   ^^^^^^^^^^^^^^^^^^^^^^^
  File "/home/airflow/.local/lib/python3.11/site-packages/airflow/operators/python.py", line 216, in execute_callable
    return self.python_callable(*self.op_args, **self.op_kwargs)
           ^^^^^^^^^^^^^^^^^^^^^^^^^^^^^^^^^^^^^^^^^^^^^^^^^^^^^
  File "/opt/airflow/dags/pipeline_dag.py", line 123, in run_spark_etl
    raise Exception(f"Spark job failed with return code {result.returncode}\n{result.stderr}")
Exception: Spark job failed with return code 2
Ivy Default Cache set to: /root/.ivy2/cache
The jars for the packages stored in: /root/.ivy2/jars
io.delta#delta-spark_2.12 added as a dependency
com.datastax.spark#spark-cassandra-connector_2.12 added as a dependency
:: resolving dependencies :: org.apache.spark#spark-submit-parent-33a7641b-f4a2-47ec-80fb-92118b25a2b2;1.0
	confs: [default]
	found io.delta#delta-spark_2.12;3.1.0 in central
	found io.delta#delta-storage;3.1.0 in central
	found org.antlr#antlr4-runtime;4.9.3 in central
	found com.datastax.spark#spark-cassandra-connector_2.12;3.5.0 in central
	found com.datastax.spark#spark-cassandra-connector-driver_2.12;3.5.0 in central
	found org.scala-lang.modules#scala-collection-compat_2.12;2.11.0 in central
	found com.datastax.oss#java-driver-core-shaded;4.13.0 in central
	found com.datastax.oss#native-protocol;1.5.0 in central
	found com.datastax.oss#java-driver-shaded-guava;25.1-jre-graal-sub-1 in central
	found com.typesafe#config;1.4.1 in central
	found org.slf4j#slf4j-api;1.7.26 in central
	found io.dropwizard.metrics#metrics-core;4.1.18 in central
	found org.hdrhistogram#HdrHistogram;2.1.12 in central
	found org.reactivestreams#reactive-streams;1.0.3 in central
	found com.github.stephenc.jcip#jcip-annotations;1.0-1 in central
	found com.github.spotbugs#spotbugs-annotations;3.1.12 in central
	found com.google.code.findbugs#jsr305;3.0.2 in central
	found com.datastax.oss#java-driver-mapper-runtime;4.13.0 in central
	found com.datastax.oss#java-driver-query-builder;4.13.0 in central
	found org.apache.commons#commons-lang3;3.10 in central
	found com.thoughtworks.paranamer#paranamer;2.8 in central
	found org.scala-lang#scala-reflect;2.12.11 in central
:: resolution report :: resolve 558ms :: artifacts dl 22ms
	:: modules in use:
	com.datastax.oss#java-driver-core-shaded;4.13.0 from central in [default]
	com.datastax.oss#java-driver-mapper-runtime;4.13.0 from central in [default]
	com.datastax.oss#java-driver-query-builder;4.13.0 from central in [default]
	com.datastax.oss#java-driver-shaded-guava;25.1-jre-graal-sub-1 from central in [default]
	com.datastax.oss#native-protocol;1.5.0 from central in [default]
	com.datastax.spark#spark-cassandra-connector-driver_2.12;3.5.0 from central in [default]
	com.datastax.spark#spark-cassandra-connector_2.12;3.5.0 from central in [default]
	com.github.spotbugs#spotbugs-annotations;3.1.12 from central in [default]
	com.github.stephenc.jcip#jcip-annotations;1.0-1 from central in [default]
	com.google.code.findbugs#jsr305;3.0.2 from central in [default]
	com.thoughtworks.paranamer#paranamer;2.8 from central in [default]
	com.typesafe#config;1.4.1 from central in [default]
	io.delta#delta-spark_2.12;3.1.0 from central in [default]
	io.delta#delta-storage;3.1.0 from central in [default]
	io.dropwizard.metrics#metrics-core;4.1.18 from central in [default]
	org.antlr#antlr4-runtime;4.9.3 from central in [default]
	org.apache.commons#commons-lang3;3.10 from central in [default]
	org.hdrhistogram#HdrHistogram;2.1.12 from central in [default]
	org.reactivestreams#reactive-streams;1.0.3 from central in [default]
	org.scala-lang#scala-reflect;2.12.11 from central in [default]
	org.scala-lang.modules#scala-collection-compat_2.12;2.11.0 from central in [default]
	org.slf4j#slf4j-api;1.7.26 from central in [default]
	---------------------------------------------------------------------
	|                  |            modules            ||   artifacts   |
	|       conf       | number| search|dwnlded|evicted|| number|dwnlded|
	---------------------------------------------------------------------
	|      default     |   22  |   0   |   0   |   0   ||   22  |   0   |
	---------------------------------------------------------------------
:: retrieving :: org.apache.spark#spark-submit-parent-33a7641b-f4a2-47ec-80fb-92118b25a2b2
	confs: [default]
	0 artifacts copied, 22 already retrieved (0kB/12ms)
26/04/05 17:44:34 WARN NativeCodeLoader: Unable to load native-hadoop library for your platform... using builtin-java classes where applicable
26/04/05 17:44:35 INFO ShutdownHookManager: Shutdown hook called
26/04/05 17:44:35 INFO ShutdownHookManager: Deleting directory /tmp/spark-6ba746d9-af78-48d8-8184-7a7e85543534

[2026-04-05T17:44:35.226+0000] {taskinstance.py:1138} INFO - Marking task as UP_FOR_RETRY. dag_id=customer_transactions_etl, task_id=transform_and_load, execution_date=20260405T155158, start_date=20260405T174432, end_date=20260405T174435
[2026-04-05T17:44:35.236+0000] {standard_task_runner.py:107} ERROR - Failed to execute job 13 for task transform_and_load (Spark job failed with return code 2
Ivy Default Cache set to: /root/.ivy2/cache
The jars for the packages stored in: /root/.ivy2/jars
io.delta#delta-spark_2.12 added as a dependency
com.datastax.spark#spark-cassandra-connector_2.12 added as a dependency
:: resolving dependencies :: org.apache.spark#spark-submit-parent-33a7641b-f4a2-47ec-80fb-92118b25a2b2;1.0
	confs: [default]
	found io.delta#delta-spark_2.12;3.1.0 in central
	found io.delta#delta-storage;3.1.0 in central
	found org.antlr#antlr4-runtime;4.9.3 in central
	found com.datastax.spark#spark-cassandra-connector_2.12;3.5.0 in central
	found com.datastax.spark#spark-cassandra-connector-driver_2.12;3.5.0 in central
	found org.scala-lang.modules#scala-collection-compat_2.12;2.11.0 in central
	found com.datastax.oss#java-driver-core-shaded;4.13.0 in central
	found com.datastax.oss#native-protocol;1.5.0 in central
	found com.datastax.oss#java-driver-shaded-guava;25.1-jre-graal-sub-1 in central
	found com.typesafe#config;1.4.1 in central
	found org.slf4j#slf4j-api;1.7.26 in central
	found io.dropwizard.metrics#metrics-core;4.1.18 in central
	found org.hdrhistogram#HdrHistogram;2.1.12 in central
	found org.reactivestreams#reactive-streams;1.0.3 in central
	found com.github.stephenc.jcip#jcip-annotations;1.0-1 in central
	found com.github.spotbugs#spotbugs-annotations;3.1.12 in central
	found com.google.code.findbugs#jsr305;3.0.2 in central
	found com.datastax.oss#java-driver-mapper-runtime;4.13.0 in central
	found com.datastax.oss#java-driver-query-builder;4.13.0 in central
	found org.apache.commons#commons-lang3;3.10 in central
	found com.thoughtworks.paranamer#paranamer;2.8 in central
	found org.scala-lang#scala-reflect;2.12.11 in central
:: resolution report :: resolve 558ms :: artifacts dl 22ms
	:: modules in use:
	com.datastax.oss#java-driver-core-shaded;4.13.0 from central in [default]
	com.datastax.oss#java-driver-mapper-runtime;4.13.0 from central in [default]
	com.datastax.oss#java-driver-query-builder;4.13.0 from central in [default]
	com.datastax.oss#java-driver-shaded-guava;25.1-jre-graal-sub-1 from central in [default]
	com.datastax.oss#native-protocol;1.5.0 from central in [default]
	com.datastax.spark#spark-cassandra-connector-driver_2.12;3.5.0 from central in [default]
	com.datastax.spark#spark-cassandra-connector_2.12;3.5.0 from central in [default]
	com.github.spotbugs#spotbugs-annotations;3.1.12 from central in [default]
	com.github.stephenc.jcip#jcip-annotations;1.0-1 from central in [default]
	com.google.code.findbugs#jsr305;3.0.2 from central in [default]
	com.thoughtworks.paranamer#paranamer;2.8 from central in [default]
	com.typesafe#config;1.4.1 from central in [default]
	io.delta#delta-spark_2.12;3.1.0 from central in [default]
	io.delta#delta-storage;3.1.0 from central in [default]
	io.dropwizard.metrics#metrics-core;4.1.18 from central in [default]
	org.antlr#antlr4-runtime;4.9.3 from central in [default]
	org.apache.commons#commons-lang3;3.10 from central in [default]
	org.hdrhistogram#HdrHistogram;2.1.12 from central in [default]
	org.reactivestreams#reactive-streams;1.0.3 from central in [default]
	org.scala-lang#scala-reflect;2.12.11 from central in [default]
	org.scala-lang.modules#scala-collection-compat_2.12;2.11.0 from central in [default]
	org.slf4j#slf4j-api;1.7.26 from central in [default]
	---------------------------------------------------------------------
	|                  |            modules            ||   artifacts   |
	|       conf       | number| search|dwnlded|evicted|| number|dwnlded|
	---------------------------------------------------------------------
	|      default     |   22  |   0   |   0   |   0   ||   22  |   0   |
	---------------------------------------------------------------------
:: retrieving :: org.apache.spark#spark-submit-parent-33a7641b-f4a2-47ec-80fb-92118b25a2b2
	confs: [default]
	0 artifacts copied, 22 already retrieved (0kB/12ms)
26/04/05 17:44:34 WARN NativeCodeLoader: Unable to load native-hadoop library for your platform... using builtin-java classes where applicable
26/04/05 17:44:35 INFO ShutdownHookManager: Shutdown hook called
26/04/05 17:44:35 INFO ShutdownHookManager: Deleting directory /tmp/spark-6ba746d9-af78-48d8-8184-7a7e85543534
; 420)
[2026-04-05T17:44:35.273+0000] {local_task_job_runner.py:234} INFO - Task exited with return code 1
[2026-04-05T17:44:35.291+0000] {taskinstance.py:3280} INFO - 0 downstream tasks scheduled from follow-on schedule check
