[2026-04-05T17:28:18.795+0000] {taskinstance.py:1956} INFO - Dependencies all met for dep_context=non-requeueable deps ti=<TaskInstance: customer_transactions_etl.transform_and_load manual__2026-04-05T15:51:58.796905+00:00 [queued]>
[2026-04-05T17:28:18.803+0000] {taskinstance.py:1956} INFO - Dependencies all met for dep_context=requeueable deps ti=<TaskInstance: customer_transactions_etl.transform_and_load manual__2026-04-05T15:51:58.796905+00:00 [queued]>
[2026-04-05T17:28:18.804+0000] {taskinstance.py:2170} INFO - Starting attempt 1 of 3
[2026-04-05T17:28:18.812+0000] {taskinstance.py:2191} INFO - Executing <Task(BashOperator): transform_and_load> on 2026-04-05 15:51:58.796905+00:00
[2026-04-05T17:28:18.816+0000] {standard_task_runner.py:60} INFO - Started process 180 to run task
[2026-04-05T17:28:18.818+0000] {standard_task_runner.py:87} INFO - Running: ['***', 'tasks', 'run', 'customer_transactions_etl', 'transform_and_load', 'manual__2026-04-05T15:51:58.796905+00:00', '--job-id', '11', '--raw', '--subdir', 'DAGS_FOLDER/pipeline_dag.py', '--cfg-path', '/tmp/tmp7zhk38w0']
[2026-04-05T17:28:18.820+0000] {standard_task_runner.py:88} INFO - Job 11: Subtask transform_and_load
[2026-04-05T17:28:18.866+0000] {task_command.py:423} INFO - Running <TaskInstance: customer_transactions_etl.transform_and_load manual__2026-04-05T15:51:58.796905+00:00 [running]> on host 397b70554f8d
[2026-04-05T17:28:18.931+0000] {taskinstance.py:2480} INFO - Exporting env vars: AIRFLOW_CTX_DAG_OWNER='data-engineering' AIRFLOW_CTX_DAG_ID='customer_transactions_etl' AIRFLOW_CTX_TASK_ID='transform_and_load' AIRFLOW_CTX_EXECUTION_DATE='2026-04-05T15:51:58.796905+00:00' AIRFLOW_CTX_TRY_NUMBER='1' AIRFLOW_CTX_DAG_RUN_ID='manual__2026-04-05T15:51:58.796905+00:00'
[2026-04-05T17:28:18.932+0000] {subprocess.py:63} INFO - Tmp dir root location: /tmp
[2026-04-05T17:28:18.932+0000] {subprocess.py:75} INFO - Running command: ['/usr/bin/bash', '-c', '\ndocker exec spark_master         /opt/spark/bin/spark-submit           --master local[*]           --packages io.delta:delta-spark_2.12:3.1.0,com.datastax.spark:spark-cassandra-connector_2.12:3.5.0           --conf spark.sql.extensions=io.delta.sql.DeltaSparkSessionExtension           --conf spark.sql.catalog.spark_catalog=org.apache.spark.sql.delta.catalog.DeltaCatalog           /opt/scripts/etl_job.py']
[2026-04-05T17:28:18.941+0000] {subprocess.py:86} INFO - Output:
[2026-04-05T17:28:20.835+0000] {subprocess.py:93} INFO - :: loading settings :: url = jar:file:/opt/spark/jars/ivy-2.5.1.jar!/org/apache/ivy/core/settings/ivysettings.xml
[2026-04-05T17:28:20.921+0000] {subprocess.py:93} INFO - Ivy Default Cache set to: /root/.ivy2/cache
[2026-04-05T17:28:20.922+0000] {subprocess.py:93} INFO - The jars for the packages stored in: /root/.ivy2/jars
[2026-04-05T17:28:20.928+0000] {subprocess.py:93} INFO - io.delta#delta-spark_2.12 added as a dependency
[2026-04-05T17:28:20.928+0000] {subprocess.py:93} INFO - com.datastax.spark#spark-cassandra-connector_2.12 added as a dependency
[2026-04-05T17:28:20.928+0000] {subprocess.py:93} INFO - :: resolving dependencies :: org.apache.spark#spark-submit-parent-0dacbb22-879b-4e3b-9e84-3b78d41bc5dd;1.0
[2026-04-05T17:28:20.928+0000] {subprocess.py:93} INFO - 	confs: [default]
[2026-04-05T17:28:21.019+0000] {subprocess.py:93} INFO - 	found io.delta#delta-spark_2.12;3.1.0 in central
[2026-04-05T17:28:21.050+0000] {subprocess.py:93} INFO - 	found io.delta#delta-storage;3.1.0 in central
[2026-04-05T17:28:21.078+0000] {subprocess.py:93} INFO - 	found org.antlr#antlr4-runtime;4.9.3 in central
[2026-04-05T17:28:21.110+0000] {subprocess.py:93} INFO - 	found com.datastax.spark#spark-cassandra-connector_2.12;3.5.0 in central
[2026-04-05T17:28:21.135+0000] {subprocess.py:93} INFO - 	found com.datastax.spark#spark-cassandra-connector-driver_2.12;3.5.0 in central
[2026-04-05T17:28:21.166+0000] {subprocess.py:93} INFO - 	found org.scala-lang.modules#scala-collection-compat_2.12;2.11.0 in central
[2026-04-05T17:28:21.193+0000] {subprocess.py:93} INFO - 	found com.datastax.oss#java-driver-core-shaded;4.13.0 in central
[2026-04-05T17:28:21.231+0000] {subprocess.py:93} INFO - 	found com.datastax.oss#native-protocol;1.5.0 in central
[2026-04-05T17:28:21.235+0000] {subprocess.py:93} INFO - 	found com.datastax.oss#java-driver-shaded-guava;25.1-jre-graal-sub-1 in central
[2026-04-05T17:28:21.255+0000] {subprocess.py:93} INFO - 	found com.typesafe#config;1.4.1 in central
[2026-04-05T17:28:21.272+0000] {subprocess.py:93} INFO - 	found org.slf4j#slf4j-api;1.7.26 in central
[2026-04-05T17:28:21.290+0000] {subprocess.py:93} INFO - 	found io.dropwizard.metrics#metrics-core;4.1.18 in central
[2026-04-05T17:28:21.317+0000] {subprocess.py:93} INFO - 	found org.hdrhistogram#HdrHistogram;2.1.12 in central
[2026-04-05T17:28:21.336+0000] {subprocess.py:93} INFO - 	found org.reactivestreams#reactive-streams;1.0.3 in central
[2026-04-05T17:28:21.355+0000] {subprocess.py:93} INFO - 	found com.github.stephenc.jcip#jcip-annotations;1.0-1 in central
[2026-04-05T17:28:21.368+0000] {subprocess.py:93} INFO - 	found com.github.spotbugs#spotbugs-annotations;3.1.12 in central
[2026-04-05T17:28:21.381+0000] {subprocess.py:93} INFO - 	found com.google.code.findbugs#jsr305;3.0.2 in central
[2026-04-05T17:28:21.399+0000] {subprocess.py:93} INFO - 	found com.datastax.oss#java-driver-mapper-runtime;4.13.0 in central
[2026-04-05T17:28:21.419+0000] {subprocess.py:93} INFO - 	found com.datastax.oss#java-driver-query-builder;4.13.0 in central
[2026-04-05T17:28:21.442+0000] {subprocess.py:93} INFO - 	found org.apache.commons#commons-lang3;3.10 in central
[2026-04-05T17:28:21.459+0000] {subprocess.py:93} INFO - 	found com.thoughtworks.paranamer#paranamer;2.8 in central
[2026-04-05T17:28:21.473+0000] {subprocess.py:93} INFO - 	found org.scala-lang#scala-reflect;2.12.11 in central
[2026-04-05T17:28:21.522+0000] {subprocess.py:93} INFO - :: resolution report :: resolve 568ms :: artifacts dl 26ms
[2026-04-05T17:28:21.523+0000] {subprocess.py:93} INFO - 	:: modules in use:
[2026-04-05T17:28:21.523+0000] {subprocess.py:93} INFO - 	com.datastax.oss#java-driver-core-shaded;4.13.0 from central in [default]
[2026-04-05T17:28:21.524+0000] {subprocess.py:93} INFO - 	com.datastax.oss#java-driver-mapper-runtime;4.13.0 from central in [default]
[2026-04-05T17:28:21.524+0000] {subprocess.py:93} INFO - 	com.datastax.oss#java-driver-query-builder;4.13.0 from central in [default]
[2026-04-05T17:28:21.524+0000] {subprocess.py:93} INFO - 	com.datastax.oss#java-driver-shaded-guava;25.1-jre-graal-sub-1 from central in [default]
[2026-04-05T17:28:21.525+0000] {subprocess.py:93} INFO - 	com.datastax.oss#native-protocol;1.5.0 from central in [default]
[2026-04-05T17:28:21.525+0000] {subprocess.py:93} INFO - 	com.datastax.spark#spark-cassandra-connector-driver_2.12;3.5.0 from central in [default]
[2026-04-05T17:28:21.525+0000] {subprocess.py:93} INFO - 	com.datastax.spark#spark-cassandra-connector_2.12;3.5.0 from central in [default]
[2026-04-05T17:28:21.526+0000] {subprocess.py:93} INFO - 	com.github.spotbugs#spotbugs-annotations;3.1.12 from central in [default]
[2026-04-05T17:28:21.526+0000] {subprocess.py:93} INFO - 	com.github.stephenc.jcip#jcip-annotations;1.0-1 from central in [default]
[2026-04-05T17:28:21.526+0000] {subprocess.py:93} INFO - 	com.google.code.findbugs#jsr305;3.0.2 from central in [default]
[2026-04-05T17:28:21.526+0000] {subprocess.py:93} INFO - 	com.thoughtworks.paranamer#paranamer;2.8 from central in [default]
[2026-04-05T17:28:21.527+0000] {subprocess.py:93} INFO - 	com.typesafe#config;1.4.1 from central in [default]
[2026-04-05T17:28:21.527+0000] {subprocess.py:93} INFO - 	io.delta#delta-spark_2.12;3.1.0 from central in [default]
[2026-04-05T17:28:21.527+0000] {subprocess.py:93} INFO - 	io.delta#delta-storage;3.1.0 from central in [default]
[2026-04-05T17:28:21.528+0000] {subprocess.py:93} INFO - 	io.dropwizard.metrics#metrics-core;4.1.18 from central in [default]
[2026-04-05T17:28:21.528+0000] {subprocess.py:93} INFO - 	org.antlr#antlr4-runtime;4.9.3 from central in [default]
[2026-04-05T17:28:21.528+0000] {subprocess.py:93} INFO - 	org.apache.commons#commons-lang3;3.10 from central in [default]
[2026-04-05T17:28:21.528+0000] {subprocess.py:93} INFO - 	org.hdrhistogram#HdrHistogram;2.1.12 from central in [default]
[2026-04-05T17:28:21.529+0000] {subprocess.py:93} INFO - 	org.reactivestreams#reactive-streams;1.0.3 from central in [default]
[2026-04-05T17:28:21.529+0000] {subprocess.py:93} INFO - 	org.scala-lang#scala-reflect;2.12.11 from central in [default]
[2026-04-05T17:28:21.529+0000] {subprocess.py:93} INFO - 	org.scala-lang.modules#scala-collection-compat_2.12;2.11.0 from central in [default]
[2026-04-05T17:28:21.529+0000] {subprocess.py:93} INFO - 	org.slf4j#slf4j-api;1.7.26 from central in [default]
[2026-04-05T17:28:21.530+0000] {subprocess.py:93} INFO - 	---------------------------------------------------------------------
[2026-04-05T17:28:21.530+0000] {subprocess.py:93} INFO - 	|                  |            modules            ||   artifacts   |
[2026-04-05T17:28:21.530+0000] {subprocess.py:93} INFO - 	|       conf       | number| search|dwnlded|evicted|| number|dwnlded|
[2026-04-05T17:28:21.530+0000] {subprocess.py:93} INFO - 	---------------------------------------------------------------------
[2026-04-05T17:28:21.530+0000] {subprocess.py:93} INFO - 	|      default     |   22  |   0   |   0   |   0   ||   22  |   0   |
[2026-04-05T17:28:21.530+0000] {subprocess.py:93} INFO - 	---------------------------------------------------------------------
[2026-04-05T17:28:21.533+0000] {subprocess.py:93} INFO - :: retrieving :: org.apache.spark#spark-submit-parent-0dacbb22-879b-4e3b-9e84-3b78d41bc5dd
[2026-04-05T17:28:21.533+0000] {subprocess.py:93} INFO - 	confs: [default]
[2026-04-05T17:28:21.547+0000] {subprocess.py:93} INFO - 	0 artifacts copied, 22 already retrieved (0kB/14ms)
[2026-04-05T17:28:21.734+0000] {subprocess.py:93} INFO - 26/04/05 17:28:21 WARN NativeCodeLoader: Unable to load native-hadoop library for your platform... using builtin-java classes where applicable
[2026-04-05T17:28:22.133+0000] {subprocess.py:93} INFO - python3: can't open file '/opt/scripts/etl_job.py': [Errno 2] No such file or directory
[2026-04-05T17:28:22.147+0000] {subprocess.py:93} INFO - 26/04/05 17:28:22 INFO ShutdownHookManager: Shutdown hook called
[2026-04-05T17:28:22.147+0000] {subprocess.py:93} INFO - 26/04/05 17:28:22 INFO ShutdownHookManager: Deleting directory /tmp/spark-21991e58-8889-43d5-b3a3-acc01c419de2
[2026-04-05T17:28:22.194+0000] {subprocess.py:97} INFO - Command exited with return code 2
[2026-04-05T17:28:22.205+0000] {taskinstance.py:2698} ERROR - Task failed with exception
Traceback (most recent call last):
  File "/home/airflow/.local/lib/python3.11/site-packages/airflow/models/taskinstance.py", line 433, in _execute_task
    result = execute_callable(context=context, **execute_callable_kwargs)
             ^^^^^^^^^^^^^^^^^^^^^^^^^^^^^^^^^^^^^^^^^^^^^^^^^^^^^^^^^^^^
  File "/home/airflow/.local/lib/python3.11/site-packages/airflow/operators/bash.py", line 212, in execute
    raise AirflowException(
airflow.exceptions.AirflowException: Bash command failed. The command returned a non-zero exit code 2.
[2026-04-05T17:28:22.207+0000] {taskinstance.py:1138} INFO - Marking task as UP_FOR_RETRY. dag_id=customer_transactions_etl, task_id=transform_and_load, execution_date=20260405T155158, start_date=20260405T172818, end_date=20260405T172822
[2026-04-05T17:28:22.216+0000] {standard_task_runner.py:107} ERROR - Failed to execute job 11 for task transform_and_load (Bash command failed. The command returned a non-zero exit code 2.; 180)
[2026-04-05T17:28:22.261+0000] {local_task_job_runner.py:234} INFO - Task exited with return code 1
[2026-04-05T17:28:22.279+0000] {taskinstance.py:3280} INFO - 0 downstream tasks scheduled from follow-on schedule check
