[2026-04-05T18:44:50.999+0000] {taskinstance.py:1956} INFO - Dependencies all met for dep_context=non-requeueable deps ti=<TaskInstance: customer_transactions_etl.dq_fail_alert manual__2026-04-05T18:44:49.955817+00:00 [queued]>
[2026-04-05T18:44:51.006+0000] {taskinstance.py:1956} INFO - Dependencies all met for dep_context=requeueable deps ti=<TaskInstance: customer_transactions_etl.dq_fail_alert manual__2026-04-05T18:44:49.955817+00:00 [queued]>
[2026-04-05T18:44:51.007+0000] {taskinstance.py:2170} INFO - Starting attempt 1 of 2
[2026-04-05T18:44:51.021+0000] {taskinstance.py:2191} INFO - Executing <Task(PythonOperator): dq_fail_alert> on 2026-04-05 18:44:49.955817+00:00
[2026-04-05T18:44:51.027+0000] {standard_task_runner.py:60} INFO - Started process 617 to run task
[2026-04-05T18:44:51.029+0000] {standard_task_runner.py:87} INFO - Running: ['***', 'tasks', 'run', 'customer_transactions_etl', 'dq_fail_alert', 'manual__2026-04-05T18:44:49.955817+00:00', '--job-id', '21', '--raw', '--subdir', 'DAGS_FOLDER/pipeline_dag.py', '--cfg-path', '/tmp/tmpw4mlnsr7']
[2026-04-05T18:44:51.031+0000] {standard_task_runner.py:88} INFO - Job 21: Subtask dq_fail_alert
[2026-04-05T18:44:51.086+0000] {task_command.py:423} INFO - Running <TaskInstance: customer_transactions_etl.dq_fail_alert manual__2026-04-05T18:44:49.955817+00:00 [running]> on host 397b70554f8d
[2026-04-05T18:44:51.174+0000] {taskinstance.py:2480} INFO - Exporting env vars: AIRFLOW_CTX_DAG_OWNER='data-engineering' AIRFLOW_CTX_DAG_ID='customer_transactions_etl' AIRFLOW_CTX_TASK_ID='dq_fail_alert' AIRFLOW_CTX_EXECUTION_DATE='2026-04-05T18:44:49.955817+00:00' AIRFLOW_CTX_TRY_NUMBER='1' AIRFLOW_CTX_DAG_RUN_ID='manual__2026-04-05T18:44:49.955817+00:00'
[2026-04-05T18:44:51.189+0000] {pipeline_dag.py:134} ERROR - Pipeline aborted: Delta table row count (None) is below minimum threshold (100).
[2026-04-05T18:44:51.189+0000] {taskinstance.py:2698} ERROR - Task failed with exception
Traceback (most recent call last):
  File "/home/airflow/.local/lib/python3.11/site-packages/airflow/models/taskinstance.py", line 433, in _execute_task
    result = execute_callable(context=context, **execute_callable_kwargs)
             ^^^^^^^^^^^^^^^^^^^^^^^^^^^^^^^^^^^^^^^^^^^^^^^^^^^^^^^^^^^^
  File "/home/airflow/.local/lib/python3.11/site-packages/airflow/operators/python.py", line 199, in execute
    return_value = self.execute_callable()
                   ^^^^^^^^^^^^^^^^^^^^^^^
  File "/home/airflow/.local/lib/python3.11/site-packages/airflow/operators/python.py", line 216, in execute_callable
    return self.python_callable(*self.op_args, **self.op_kwargs)
           ^^^^^^^^^^^^^^^^^^^^^^^^^^^^^^^^^^^^^^^^^^^^^^^^^^^^^
  File "/opt/airflow/dags/pipeline_dag.py", line 135, in dq_fail_alert
    raise ValueError(msg)
ValueError: Pipeline aborted: Delta table row count (None) is below minimum threshold (100).
[2026-04-05T18:44:51.198+0000] {taskinstance.py:1138} INFO - Marking task as UP_FOR_RETRY. dag_id=customer_transactions_etl, task_id=dq_fail_alert, execution_date=20260405T184449, start_date=20260405T184451, end_date=20260405T184451
[2026-04-05T18:44:51.208+0000] {standard_task_runner.py:107} ERROR - Failed to execute job 21 for task dq_fail_alert (Pipeline aborted: Delta table row count (None) is below minimum threshold (100).; 617)
[2026-04-05T18:44:51.242+0000] {local_task_job_runner.py:234} INFO - Task exited with return code 1
[2026-04-05T18:44:51.257+0000] {taskinstance.py:3280} INFO - 0 downstream tasks scheduled from follow-on schedule check
