[2026-04-05T16:06:02.739+0000] {taskinstance.py:1956} INFO - Dependencies all met for dep_context=non-requeueable deps ti=<TaskInstance: customer_transactions_etl.transform_and_load scheduled__2026-04-04T02:00:00+00:00 [queued]>
[2026-04-05T16:06:02.745+0000] {taskinstance.py:1956} INFO - Dependencies all met for dep_context=requeueable deps ti=<TaskInstance: customer_transactions_etl.transform_and_load scheduled__2026-04-04T02:00:00+00:00 [queued]>
[2026-04-05T16:06:02.745+0000] {taskinstance.py:2170} INFO - Starting attempt 2 of 4
[2026-04-05T16:06:02.754+0000] {taskinstance.py:2191} INFO - Executing <Task(BashOperator): transform_and_load> on 2026-04-04 02:00:00+00:00
[2026-04-05T16:06:02.759+0000] {standard_task_runner.py:60} INFO - Started process 635 to run task
[2026-04-05T16:06:02.761+0000] {standard_task_runner.py:87} INFO - Running: ['***', 'tasks', 'run', 'customer_transactions_etl', 'transform_and_load', 'scheduled__2026-04-04T02:00:00+00:00', '--job-id', '5', '--raw', '--subdir', 'DAGS_FOLDER/pipeline_dag.py', '--cfg-path', '/tmp/tmp1_s9sw0a']
[2026-04-05T16:06:02.762+0000] {standard_task_runner.py:88} INFO - Job 5: Subtask transform_and_load
[2026-04-05T16:06:02.802+0000] {task_command.py:423} INFO - Running <TaskInstance: customer_transactions_etl.transform_and_load scheduled__2026-04-04T02:00:00+00:00 [running]> on host 8930cc63fb40
[2026-04-05T16:06:02.859+0000] {taskinstance.py:2480} INFO - Exporting env vars: AIRFLOW_CTX_DAG_OWNER='data-engineering' AIRFLOW_CTX_DAG_ID='customer_transactions_etl' AIRFLOW_CTX_TASK_ID='transform_and_load' AIRFLOW_CTX_EXECUTION_DATE='2026-04-04T02:00:00+00:00' AIRFLOW_CTX_TRY_NUMBER='2' AIRFLOW_CTX_DAG_RUN_ID='scheduled__2026-04-04T02:00:00+00:00'
[2026-04-05T16:06:02.860+0000] {subprocess.py:63} INFO - Tmp dir root location: /tmp
[2026-04-05T16:06:02.860+0000] {subprocess.py:75} INFO - Running command: ['/usr/bin/bash', '-c', '\ndocker exec spark_master         /opt/spark/bin/spark-submit           --master local[*]           --packages io.delta:delta-spark_2.12:3.1.0,com.datastax.spark:spark-cassandra-connector_2.12:3.5.0           --conf spark.sql.extensions=io.delta.sql.DeltaSparkSessionExtension           --conf spark.sql.catalog.spark_catalog=org.apache.spark.sql.delta.catalog.DeltaCatalog           /opt/scripts/etl_job.py']
[2026-04-05T16:06:02.870+0000] {subprocess.py:86} INFO - Output:
[2026-04-05T16:06:02.882+0000] {subprocess.py:93} INFO - permission denied while trying to connect to the Docker daemon socket at unix:///var/run/docker.sock: Get "http://%2Fvar%2Frun%2Fdocker.sock/v1.24/containers/spark_master/json": dial unix /var/run/docker.sock: connect: permission denied
[2026-04-05T16:06:02.883+0000] {subprocess.py:97} INFO - Command exited with return code 1
[2026-04-05T16:06:02.893+0000] {taskinstance.py:2698} ERROR - Task failed with exception
Traceback (most recent call last):
  File "/home/airflow/.local/lib/python3.11/site-packages/airflow/models/taskinstance.py", line 433, in _execute_task
    result = execute_callable(context=context, **execute_callable_kwargs)
             ^^^^^^^^^^^^^^^^^^^^^^^^^^^^^^^^^^^^^^^^^^^^^^^^^^^^^^^^^^^^
  File "/home/airflow/.local/lib/python3.11/site-packages/airflow/operators/bash.py", line 212, in execute
    raise AirflowException(
airflow.exceptions.AirflowException: Bash command failed. The command returned a non-zero exit code 1.
[2026-04-05T16:06:02.895+0000] {taskinstance.py:1138} INFO - Marking task as UP_FOR_RETRY. dag_id=customer_transactions_etl, task_id=transform_and_load, execution_date=20260404T020000, start_date=20260405T160602, end_date=20260405T160602
[2026-04-05T16:06:02.906+0000] {standard_task_runner.py:107} ERROR - Failed to execute job 5 for task transform_and_load (Bash command failed. The command returned a non-zero exit code 1.; 635)
[2026-04-05T16:06:02.933+0000] {local_task_job_runner.py:234} INFO - Task exited with return code 1
[2026-04-05T16:06:02.951+0000] {taskinstance.py:3280} INFO - 0 downstream tasks scheduled from follow-on schedule check
