[2026-04-05T16:22:30.419+0000] {taskinstance.py:1956} INFO - Dependencies all met for dep_context=non-requeueable deps ti=<TaskInstance: customer_transactions_etl.transform_and_load scheduled__2026-04-04T02:00:00+00:00 [queued]>
[2026-04-05T16:22:30.426+0000] {taskinstance.py:1956} INFO - Dependencies all met for dep_context=requeueable deps ti=<TaskInstance: customer_transactions_etl.transform_and_load scheduled__2026-04-04T02:00:00+00:00 [queued]>
[2026-04-05T16:22:30.427+0000] {taskinstance.py:2170} INFO - Starting attempt 3 of 4
[2026-04-05T16:22:30.435+0000] {taskinstance.py:2191} INFO - Executing <Task(BashOperator): transform_and_load> on 2026-04-04 02:00:00+00:00
[2026-04-05T16:22:30.440+0000] {standard_task_runner.py:60} INFO - Started process 280 to run task
[2026-04-05T16:22:30.442+0000] {standard_task_runner.py:87} INFO - Running: ['***', 'tasks', 'run', 'customer_transactions_etl', 'transform_and_load', 'scheduled__2026-04-04T02:00:00+00:00', '--job-id', '7', '--raw', '--subdir', 'DAGS_FOLDER/pipeline_dag.py', '--cfg-path', '/tmp/tmpwl93j26b']
[2026-04-05T16:22:30.444+0000] {standard_task_runner.py:88} INFO - Job 7: Subtask transform_and_load
[2026-04-05T16:22:30.484+0000] {task_command.py:423} INFO - Running <TaskInstance: customer_transactions_etl.transform_and_load scheduled__2026-04-04T02:00:00+00:00 [running]> on host 397b70554f8d
[2026-04-05T16:22:30.541+0000] {taskinstance.py:2480} INFO - Exporting env vars: AIRFLOW_CTX_DAG_OWNER='data-engineering' AIRFLOW_CTX_DAG_ID='customer_transactions_etl' AIRFLOW_CTX_TASK_ID='transform_and_load' AIRFLOW_CTX_EXECUTION_DATE='2026-04-04T02:00:00+00:00' AIRFLOW_CTX_TRY_NUMBER='3' AIRFLOW_CTX_DAG_RUN_ID='scheduled__2026-04-04T02:00:00+00:00'
[2026-04-05T16:22:30.542+0000] {subprocess.py:63} INFO - Tmp dir root location: /tmp
[2026-04-05T16:22:30.543+0000] {subprocess.py:75} INFO - Running command: ['/usr/bin/bash', '-c', '\ndocker exec spark_master         /opt/spark/bin/spark-submit           --master local[*]           --packages io.delta:delta-spark_2.12:3.1.0,com.datastax.spark:spark-cassandra-connector_2.12:3.5.0           --conf spark.sql.extensions=io.delta.sql.DeltaSparkSessionExtension           --conf spark.sql.catalog.spark_catalog=org.apache.spark.sql.delta.catalog.DeltaCatalog           /opt/scripts/etl_job.py']
[2026-04-05T16:22:30.552+0000] {subprocess.py:86} INFO - Output:
[2026-04-05T16:22:32.372+0000] {subprocess.py:93} INFO - :: loading settings :: url = jar:file:/opt/spark/jars/ivy-2.5.1.jar!/org/apache/ivy/core/settings/ivysettings.xml
[2026-04-05T16:22:32.453+0000] {subprocess.py:93} INFO - Ivy Default Cache set to: /root/.ivy2/cache
[2026-04-05T16:22:32.453+0000] {subprocess.py:93} INFO - The jars for the packages stored in: /root/.ivy2/jars
[2026-04-05T16:22:32.462+0000] {subprocess.py:93} INFO - io.delta#delta-spark_2.12 added as a dependency
[2026-04-05T16:22:32.462+0000] {subprocess.py:93} INFO - com.datastax.spark#spark-cassandra-connector_2.12 added as a dependency
[2026-04-05T16:22:32.463+0000] {subprocess.py:93} INFO - :: resolving dependencies :: org.apache.spark#spark-submit-parent-198048fe-0e2e-43b9-9462-c0a658dd2b01;1.0
[2026-04-05T16:22:32.463+0000] {subprocess.py:93} INFO - 	confs: [default]
[2026-04-05T16:22:32.967+0000] {subprocess.py:93} INFO - 	found io.delta#delta-spark_2.12;3.1.0 in central
[2026-04-05T16:22:33.038+0000] {subprocess.py:93} INFO - 	found io.delta#delta-storage;3.1.0 in central
[2026-04-05T16:22:34.082+0000] {subprocess.py:93} INFO - 	found org.antlr#antlr4-runtime;4.9.3 in central
[2026-04-05T16:22:34.136+0000] {subprocess.py:93} INFO - 	found com.datastax.spark#spark-cassandra-connector_2.12;3.5.0 in central
[2026-04-05T16:22:34.225+0000] {subprocess.py:93} INFO - 	found com.datastax.spark#spark-cassandra-connector-driver_2.12;3.5.0 in central
[2026-04-05T16:22:34.299+0000] {subprocess.py:93} INFO - 	found org.scala-lang.modules#scala-collection-compat_2.12;2.11.0 in central
[2026-04-05T16:22:37.244+0000] {subprocess.py:93} INFO - 	found com.datastax.oss#java-driver-core-shaded;4.13.0 in central
[2026-04-05T16:22:37.299+0000] {subprocess.py:93} INFO - 	found com.datastax.oss#native-protocol;1.5.0 in central
[2026-04-05T16:22:37.373+0000] {subprocess.py:93} INFO - 	found com.datastax.oss#java-driver-shaded-guava;25.1-jre-graal-sub-1 in central
[2026-04-05T16:22:37.433+0000] {subprocess.py:93} INFO - 	found com.typesafe#config;1.4.1 in central
[2026-04-05T16:22:38.311+0000] {subprocess.py:93} INFO - 	found org.slf4j#slf4j-api;1.7.26 in central
[2026-04-05T16:22:39.257+0000] {subprocess.py:93} INFO - 	found io.dropwizard.metrics#metrics-core;4.1.18 in central
[2026-04-05T16:22:39.319+0000] {subprocess.py:93} INFO - 	found org.hdrhistogram#HdrHistogram;2.1.12 in central
[2026-04-05T16:22:39.390+0000] {subprocess.py:93} INFO - 	found org.reactivestreams#reactive-streams;1.0.3 in central
[2026-04-05T16:22:39.541+0000] {subprocess.py:93} INFO - 	found com.github.stephenc.jcip#jcip-annotations;1.0-1 in central
[2026-04-05T16:22:39.588+0000] {subprocess.py:93} INFO - 	found com.github.spotbugs#spotbugs-annotations;3.1.12 in central
[2026-04-05T16:22:39.707+0000] {subprocess.py:93} INFO - 	found com.google.code.findbugs#jsr305;3.0.2 in central
[2026-04-05T16:22:39.798+0000] {subprocess.py:93} INFO - 	found com.datastax.oss#java-driver-mapper-runtime;4.13.0 in central
[2026-04-05T16:22:39.882+0000] {subprocess.py:93} INFO - 	found com.datastax.oss#java-driver-query-builder;4.13.0 in central
[2026-04-05T16:22:41.596+0000] {subprocess.py:93} INFO - 	found org.apache.commons#commons-lang3;3.10 in central
[2026-04-05T16:22:42.528+0000] {subprocess.py:93} INFO - 	found com.thoughtworks.paranamer#paranamer;2.8 in central
[2026-04-05T16:22:42.580+0000] {subprocess.py:93} INFO - 	found org.scala-lang#scala-reflect;2.12.11 in central
[2026-04-05T16:22:42.635+0000] {subprocess.py:93} INFO - downloading https://repo1.maven.org/maven2/io/delta/delta-spark_2.12/3.1.0/delta-spark_2.12-3.1.0.jar ...
[2026-04-05T16:22:42.798+0000] {subprocess.py:93} INFO - 	[SUCCESSFUL ] io.delta#delta-spark_2.12;3.1.0!delta-spark_2.12.jar (198ms)
[2026-04-05T16:22:42.821+0000] {subprocess.py:93} INFO - downloading https://repo1.maven.org/maven2/com/datastax/spark/spark-cassandra-connector_2.12/3.5.0/spark-cassandra-connector_2.12-3.5.0.jar ...
[2026-04-05T16:22:42.870+0000] {subprocess.py:93} INFO - 	[SUCCESSFUL ] com.datastax.spark#spark-cassandra-connector_2.12;3.5.0!spark-cassandra-connector_2.12.jar (72ms)
[2026-04-05T16:22:42.892+0000] {subprocess.py:93} INFO - downloading https://repo1.maven.org/maven2/io/delta/delta-storage/3.1.0/delta-storage-3.1.0.jar ...
[2026-04-05T16:22:42.910+0000] {subprocess.py:93} INFO - 	[SUCCESSFUL ] io.delta#delta-storage;3.1.0!delta-storage.jar (38ms)
[2026-04-05T16:22:42.931+0000] {subprocess.py:93} INFO - downloading https://repo1.maven.org/maven2/org/antlr/antlr4-runtime/4.9.3/antlr4-runtime-4.9.3.jar ...
[2026-04-05T16:22:42.955+0000] {subprocess.py:93} INFO - 	[SUCCESSFUL ] org.antlr#antlr4-runtime;4.9.3!antlr4-runtime.jar (44ms)
[2026-04-05T16:22:42.979+0000] {subprocess.py:93} INFO - downloading https://repo1.maven.org/maven2/com/datastax/spark/spark-cassandra-connector-driver_2.12/3.5.0/spark-cassandra-connector-driver_2.12-3.5.0.jar ...
[2026-04-05T16:22:43.018+0000] {subprocess.py:93} INFO - 	[SUCCESSFUL ] com.datastax.spark#spark-cassandra-connector-driver_2.12;3.5.0!spark-cassandra-connector-driver_2.12.jar (62ms)
[2026-04-05T16:22:43.045+0000] {subprocess.py:93} INFO - downloading https://repo1.maven.org/maven2/org/scala-lang/modules/scala-collection-compat_2.12/2.11.0/scala-collection-compat_2.12-2.11.0.jar ...
[2026-04-05T16:22:43.070+0000] {subprocess.py:93} INFO - 	[SUCCESSFUL ] org.scala-lang.modules#scala-collection-compat_2.12;2.11.0!scala-collection-compat_2.12.jar (50ms)
[2026-04-05T16:22:43.091+0000] {subprocess.py:93} INFO - downloading https://repo1.maven.org/maven2/com/datastax/oss/java-driver-core-shaded/4.13.0/java-driver-core-shaded-4.13.0.jar ...
[2026-04-05T16:22:43.174+0000] {subprocess.py:93} INFO - 	[SUCCESSFUL ] com.datastax.oss#java-driver-core-shaded;4.13.0!java-driver-core-shaded.jar (103ms)
[2026-04-05T16:22:43.193+0000] {subprocess.py:93} INFO - downloading https://repo1.maven.org/maven2/com/datastax/oss/java-driver-mapper-runtime/4.13.0/java-driver-mapper-runtime-4.13.0.jar ...
[2026-04-05T16:22:43.210+0000] {subprocess.py:93} INFO - 	[SUCCESSFUL ] com.datastax.oss#java-driver-mapper-runtime;4.13.0!java-driver-mapper-runtime.jar(bundle) (36ms)
[2026-04-05T16:22:43.231+0000] {subprocess.py:93} INFO - downloading https://repo1.maven.org/maven2/org/apache/commons/commons-lang3/3.10/commons-lang3-3.10.jar ...
[2026-04-05T16:22:43.262+0000] {subprocess.py:93} INFO - 	[SUCCESSFUL ] org.apache.commons#commons-lang3;3.10!commons-lang3.jar (51ms)
[2026-04-05T16:22:43.287+0000] {subprocess.py:93} INFO - downloading https://repo1.maven.org/maven2/com/thoughtworks/paranamer/paranamer/2.8/paranamer-2.8.jar ...
[2026-04-05T16:22:43.303+0000] {subprocess.py:93} INFO - 	[SUCCESSFUL ] com.thoughtworks.paranamer#paranamer;2.8!paranamer.jar(bundle) (40ms)
[2026-04-05T16:22:43.323+0000] {subprocess.py:93} INFO - downloading https://repo1.maven.org/maven2/org/scala-lang/scala-reflect/2.12.11/scala-reflect-2.12.11.jar ...
[2026-04-05T16:22:43.362+0000] {subprocess.py:93} INFO - 	[SUCCESSFUL ] org.scala-lang#scala-reflect;2.12.11!scala-reflect.jar (58ms)
[2026-04-05T16:22:43.385+0000] {subprocess.py:93} INFO - downloading https://repo1.maven.org/maven2/com/datastax/oss/native-protocol/1.5.0/native-protocol-1.5.0.jar ...
[2026-04-05T16:22:43.404+0000] {subprocess.py:93} INFO - 	[SUCCESSFUL ] com.datastax.oss#native-protocol;1.5.0!native-protocol.jar(bundle) (40ms)
[2026-04-05T16:22:43.424+0000] {subprocess.py:93} INFO - downloading https://repo1.maven.org/maven2/com/datastax/oss/java-driver-shaded-guava/25.1-jre-graal-sub-1/java-driver-shaded-guava-25.1-jre-graal-sub-1.jar ...
[2026-04-05T16:22:43.454+0000] {subprocess.py:93} INFO - 	[SUCCESSFUL ] com.datastax.oss#java-driver-shaded-guava;25.1-jre-graal-sub-1!java-driver-shaded-guava.jar (49ms)
[2026-04-05T16:22:43.477+0000] {subprocess.py:93} INFO - downloading https://repo1.maven.org/maven2/com/typesafe/config/1.4.1/config-1.4.1.jar ...
[2026-04-05T16:22:43.495+0000] {subprocess.py:93} INFO - 	[SUCCESSFUL ] com.typesafe#config;1.4.1!config.jar(bundle) (40ms)
[2026-04-05T16:22:43.516+0000] {subprocess.py:93} INFO - downloading https://repo1.maven.org/maven2/org/slf4j/slf4j-api/1.7.26/slf4j-api-1.7.26.jar ...
[2026-04-05T16:22:43.534+0000] {subprocess.py:93} INFO - 	[SUCCESSFUL ] org.slf4j#slf4j-api;1.7.26!slf4j-api.jar (38ms)
[2026-04-05T16:22:43.555+0000] {subprocess.py:93} INFO - downloading https://repo1.maven.org/maven2/io/dropwizard/metrics/metrics-core/4.1.18/metrics-core-4.1.18.jar ...
[2026-04-05T16:22:43.572+0000] {subprocess.py:93} INFO - 	[SUCCESSFUL ] io.dropwizard.metrics#metrics-core;4.1.18!metrics-core.jar(bundle) (37ms)
[2026-04-05T16:22:43.593+0000] {subprocess.py:93} INFO - downloading https://repo1.maven.org/maven2/org/hdrhistogram/HdrHistogram/2.1.12/HdrHistogram-2.1.12.jar ...
[2026-04-05T16:22:43.611+0000] {subprocess.py:93} INFO - 	[SUCCESSFUL ] org.hdrhistogram#HdrHistogram;2.1.12!HdrHistogram.jar(bundle) (38ms)
[2026-04-05T16:22:43.631+0000] {subprocess.py:93} INFO - downloading https://repo1.maven.org/maven2/org/reactivestreams/reactive-streams/1.0.3/reactive-streams-1.0.3.jar ...
[2026-04-05T16:22:43.647+0000] {subprocess.py:93} INFO - 	[SUCCESSFUL ] org.reactivestreams#reactive-streams;1.0.3!reactive-streams.jar (36ms)
[2026-04-05T16:22:43.671+0000] {subprocess.py:93} INFO - downloading https://repo1.maven.org/maven2/com/github/stephenc/jcip/jcip-annotations/1.0-1/jcip-annotations-1.0-1.jar ...
[2026-04-05T16:22:43.687+0000] {subprocess.py:93} INFO - 	[SUCCESSFUL ] com.github.stephenc.jcip#jcip-annotations;1.0-1!jcip-annotations.jar (40ms)
[2026-04-05T16:22:43.710+0000] {subprocess.py:93} INFO - downloading https://repo1.maven.org/maven2/com/github/spotbugs/spotbugs-annotations/3.1.12/spotbugs-annotations-3.1.12.jar ...
[2026-04-05T16:22:43.726+0000] {subprocess.py:93} INFO - 	[SUCCESSFUL ] com.github.spotbugs#spotbugs-annotations;3.1.12!spotbugs-annotations.jar (39ms)
[2026-04-05T16:22:43.748+0000] {subprocess.py:93} INFO - downloading https://repo1.maven.org/maven2/com/google/code/findbugs/jsr305/3.0.2/jsr305-3.0.2.jar ...
[2026-04-05T16:22:43.767+0000] {subprocess.py:93} INFO - 	[SUCCESSFUL ] com.google.code.findbugs#jsr305;3.0.2!jsr305.jar (39ms)
[2026-04-05T16:22:43.791+0000] {subprocess.py:93} INFO - downloading https://repo1.maven.org/maven2/com/datastax/oss/java-driver-query-builder/4.13.0/java-driver-query-builder-4.13.0.jar ...
[2026-04-05T16:22:43.810+0000] {subprocess.py:93} INFO - 	[SUCCESSFUL ] com.datastax.oss#java-driver-query-builder;4.13.0!java-driver-query-builder.jar(bundle) (43ms)
[2026-04-05T16:22:43.811+0000] {subprocess.py:93} INFO - :: resolution report :: resolve 10136ms :: artifacts dl 1212ms
[2026-04-05T16:22:43.811+0000] {subprocess.py:93} INFO - 	:: modules in use:
[2026-04-05T16:22:43.811+0000] {subprocess.py:93} INFO - 	com.datastax.oss#java-driver-core-shaded;4.13.0 from central in [default]
[2026-04-05T16:22:43.811+0000] {subprocess.py:93} INFO - 	com.datastax.oss#java-driver-mapper-runtime;4.13.0 from central in [default]
[2026-04-05T16:22:43.812+0000] {subprocess.py:93} INFO - 	com.datastax.oss#java-driver-query-builder;4.13.0 from central in [default]
[2026-04-05T16:22:43.812+0000] {subprocess.py:93} INFO - 	com.datastax.oss#java-driver-shaded-guava;25.1-jre-graal-sub-1 from central in [default]
[2026-04-05T16:22:43.812+0000] {subprocess.py:93} INFO - 	com.datastax.oss#native-protocol;1.5.0 from central in [default]
[2026-04-05T16:22:43.812+0000] {subprocess.py:93} INFO - 	com.datastax.spark#spark-cassandra-connector-driver_2.12;3.5.0 from central in [default]
[2026-04-05T16:22:43.813+0000] {subprocess.py:93} INFO - 	com.datastax.spark#spark-cassandra-connector_2.12;3.5.0 from central in [default]
[2026-04-05T16:22:43.813+0000] {subprocess.py:93} INFO - 	com.github.spotbugs#spotbugs-annotations;3.1.12 from central in [default]
[2026-04-05T16:22:43.813+0000] {subprocess.py:93} INFO - 	com.github.stephenc.jcip#jcip-annotations;1.0-1 from central in [default]
[2026-04-05T16:22:43.813+0000] {subprocess.py:93} INFO - 	com.google.code.findbugs#jsr305;3.0.2 from central in [default]
[2026-04-05T16:22:43.813+0000] {subprocess.py:93} INFO - 	com.thoughtworks.paranamer#paranamer;2.8 from central in [default]
[2026-04-05T16:22:43.814+0000] {subprocess.py:93} INFO - 	com.typesafe#config;1.4.1 from central in [default]
[2026-04-05T16:22:43.814+0000] {subprocess.py:93} INFO - 	io.delta#delta-spark_2.12;3.1.0 from central in [default]
[2026-04-05T16:22:43.814+0000] {subprocess.py:93} INFO - 	io.delta#delta-storage;3.1.0 from central in [default]
[2026-04-05T16:22:43.814+0000] {subprocess.py:93} INFO - 	io.dropwizard.metrics#metrics-core;4.1.18 from central in [default]
[2026-04-05T16:22:43.814+0000] {subprocess.py:93} INFO - 	org.antlr#antlr4-runtime;4.9.3 from central in [default]
[2026-04-05T16:22:43.814+0000] {subprocess.py:93} INFO - 	org.apache.commons#commons-lang3;3.10 from central in [default]
[2026-04-05T16:22:43.815+0000] {subprocess.py:93} INFO - 	org.hdrhistogram#HdrHistogram;2.1.12 from central in [default]
[2026-04-05T16:22:43.815+0000] {subprocess.py:93} INFO - 	org.reactivestreams#reactive-streams;1.0.3 from central in [default]
[2026-04-05T16:22:43.815+0000] {subprocess.py:93} INFO - 	org.scala-lang#scala-reflect;2.12.11 from central in [default]
[2026-04-05T16:22:43.815+0000] {subprocess.py:93} INFO - 	org.scala-lang.modules#scala-collection-compat_2.12;2.11.0 from central in [default]
[2026-04-05T16:22:43.815+0000] {subprocess.py:93} INFO - 	org.slf4j#slf4j-api;1.7.26 from central in [default]
[2026-04-05T16:22:43.815+0000] {subprocess.py:93} INFO - 	---------------------------------------------------------------------
[2026-04-05T16:22:43.816+0000] {subprocess.py:93} INFO - 	|                  |            modules            ||   artifacts   |
[2026-04-05T16:22:43.816+0000] {subprocess.py:93} INFO - 	|       conf       | number| search|dwnlded|evicted|| number|dwnlded|
[2026-04-05T16:22:43.816+0000] {subprocess.py:93} INFO - 	---------------------------------------------------------------------
[2026-04-05T16:22:43.816+0000] {subprocess.py:93} INFO - 	|      default     |   22  |   22  |   22  |   0   ||   22  |   22  |
[2026-04-05T16:22:43.816+0000] {subprocess.py:93} INFO - 	---------------------------------------------------------------------
[2026-04-05T16:22:43.820+0000] {subprocess.py:93} INFO - :: retrieving :: org.apache.spark#spark-submit-parent-198048fe-0e2e-43b9-9462-c0a658dd2b01
[2026-04-05T16:22:43.820+0000] {subprocess.py:93} INFO - 	confs: [default]
[2026-04-05T16:22:43.859+0000] {subprocess.py:93} INFO - 	22 artifacts copied, 0 already retrieved (24093kB/38ms)
[2026-04-05T16:22:44.065+0000] {subprocess.py:93} INFO - 26/04/05 16:22:44 WARN NativeCodeLoader: Unable to load native-hadoop library for your platform... using builtin-java classes where applicable
[2026-04-05T16:22:44.531+0000] {subprocess.py:93} INFO - python3: can't open file '/opt/scripts/etl_job.py': [Errno 2] No such file or directory
[2026-04-05T16:22:44.544+0000] {subprocess.py:93} INFO - 26/04/05 16:22:44 INFO ShutdownHookManager: Shutdown hook called
[2026-04-05T16:22:44.544+0000] {subprocess.py:93} INFO - 26/04/05 16:22:44 INFO ShutdownHookManager: Deleting directory /tmp/spark-daa740ba-ac56-4b14-aba0-d3d53208bb77
[2026-04-05T16:22:44.596+0000] {subprocess.py:97} INFO - Command exited with return code 2
[2026-04-05T16:22:44.607+0000] {taskinstance.py:2698} ERROR - Task failed with exception
Traceback (most recent call last):
  File "/home/airflow/.local/lib/python3.11/site-packages/airflow/models/taskinstance.py", line 433, in _execute_task
    result = execute_callable(context=context, **execute_callable_kwargs)
             ^^^^^^^^^^^^^^^^^^^^^^^^^^^^^^^^^^^^^^^^^^^^^^^^^^^^^^^^^^^^
  File "/home/airflow/.local/lib/python3.11/site-packages/airflow/operators/bash.py", line 212, in execute
    raise AirflowException(
airflow.exceptions.AirflowException: Bash command failed. The command returned a non-zero exit code 2.
[2026-04-05T16:22:44.609+0000] {taskinstance.py:1138} INFO - Marking task as UP_FOR_RETRY. dag_id=customer_transactions_etl, task_id=transform_and_load, execution_date=20260404T020000, start_date=20260405T162230, end_date=20260405T162244
[2026-04-05T16:22:44.621+0000] {standard_task_runner.py:107} ERROR - Failed to execute job 7 for task transform_and_load (Bash command failed. The command returned a non-zero exit code 2.; 280)
[2026-04-05T16:22:44.657+0000] {local_task_job_runner.py:234} INFO - Task exited with return code 1
[2026-04-05T16:22:44.676+0000] {taskinstance.py:3280} INFO - 0 downstream tasks scheduled from follow-on schedule check
