[2026-04-07T06:35:14.110+0000] {taskinstance.py:1956} INFO - Dependencies all met for dep_context=non-requeueable deps ti=<TaskInstance: customer_transactions_etl.transform_and_load manual__2026-04-07T06:34:31.743356+00:00 [queued]>
[2026-04-07T06:35:14.116+0000] {taskinstance.py:1956} INFO - Dependencies all met for dep_context=requeueable deps ti=<TaskInstance: customer_transactions_etl.transform_and_load manual__2026-04-07T06:34:31.743356+00:00 [queued]>
[2026-04-07T06:35:14.116+0000] {taskinstance.py:2170} INFO - Starting attempt 1 of 2
[2026-04-07T06:35:14.124+0000] {taskinstance.py:2191} INFO - Executing <Task(PythonOperator): transform_and_load> on 2026-04-07 06:34:31.743356+00:00
[2026-04-07T06:35:14.129+0000] {standard_task_runner.py:60} INFO - Started process 263 to run task
[2026-04-07T06:35:14.131+0000] {standard_task_runner.py:87} INFO - Running: ['***', 'tasks', 'run', 'customer_transactions_etl', 'transform_and_load', 'manual__2026-04-07T06:34:31.743356+00:00', '--job-id', '51', '--raw', '--subdir', 'DAGS_FOLDER/pipeline_dag.py', '--cfg-path', '/tmp/tmpvhf6jlwr']
[2026-04-07T06:35:14.133+0000] {standard_task_runner.py:88} INFO - Job 51: Subtask transform_and_load
[2026-04-07T06:35:14.169+0000] {task_command.py:423} INFO - Running <TaskInstance: customer_transactions_etl.transform_and_load manual__2026-04-07T06:34:31.743356+00:00 [running]> on host dccb9b3821c0
[2026-04-07T06:35:14.228+0000] {taskinstance.py:2480} INFO - Exporting env vars: AIRFLOW_CTX_DAG_OWNER='data-engineering' AIRFLOW_CTX_DAG_ID='customer_transactions_etl' AIRFLOW_CTX_TASK_ID='transform_and_load' AIRFLOW_CTX_EXECUTION_DATE='2026-04-07T06:34:31.743356+00:00' AIRFLOW_CTX_TRY_NUMBER='1' AIRFLOW_CTX_DAG_RUN_ID='manual__2026-04-07T06:34:31.743356+00:00'
[2026-04-07T06:35:53.079+0000] {pipeline_dag.py:141} INFO - :: loading settings :: url = jar:file:/opt/spark/jars/ivy-2.5.1.jar!/org/apache/ivy/core/settings/ivysettings.xml
2026-04-07 06:35:26,786 [INFO] ============================================================
2026-04-07 06:35:26,786 [INFO]   Customer Transactions ETL Job — START
2026-04-07 06:35:26,786 [INFO] ============================================================
2026-04-07 06:35:26,786 [INFO] Creating Spark session...
2026-04-07 06:35:28,756 [INFO] Spark session created ✅
2026-04-07 06:35:28,757 [INFO] Reading Delta table from /opt/data/delta-lake/customer_transactions ...
2026-04-07 06:35:40,145 [INFO] Extracted 1,200 raw records ✅
2026-04-07 06:35:40,145 [INFO] Parsing timestamp column...
2026-04-07 06:35:40,168 [INFO] Deduplicating on transaction_id...
2026-04-07 06:35:43,483 [INFO] Removed 66 duplicates (1,134 records remaining) ✅
2026-04-07 06:35:43,483 [INFO] Filtering invalid amounts (amount <= 0)...
2026-04-07 06:35:44,429 [INFO] Removed 44 invalid-amount rows (1,090 valid records) ✅
2026-04-07 06:35:44,429 [INFO] Adding transaction_date column...
2026-04-07 06:35:44,448 [INFO] Aggregating daily totals per customer...
2026-04-07 06:35:45,496 [INFO] Aggregation complete — 1,036 (customer, date) combinations ✅
2026-04-07 06:35:45,496 [INFO] Sample output:
+-----------+----------------+-----------+
|customer_id|transaction_date|daily_total|
+-----------+----------------+-----------+
|C00001     |2026-02-20      |1542.26    |
|C00001     |2026-02-23      |1819.2     |
|C00001     |2026-02-25      |510.28     |
|C00001     |2026-03-24      |802.05     |
|C00001     |2026-03-28      |1139.7     |
|C00002     |2026-02-21      |127.23     |
|C00002     |2026-03-06      |1636.17    |
|C00002     |2026-03-12      |1995.14    |
|C00002     |2026-03-28      |1949.54    |
|C00002     |2026-04-05      |33.2       |
+-----------+----------------+-----------+
only showing top 10 rows

2026-04-07 06:35:47,461 [INFO] Running data quality checks...
2026-04-07 06:35:49,696 [INFO] All data quality checks passed ✅
2026-04-07 06:35:49,696 [INFO] Loading data into ScyllaDB transactions_ks.daily_customer_totals ...
2026-04-07 06:35:52,678 [INFO] Successfully loaded 1,036 rows into ScyllaDB ✅
2026-04-07 06:35:52,679 [INFO] 
🎉  ETL Job completed successfully in 25.9s

[2026-04-07T06:35:53.079+0000] {pipeline_dag.py:147} INFO - Spark ETL completed successfully ✅
[2026-04-07T06:35:53.080+0000] {python.py:201} INFO - Done. Returned value was: None
[2026-04-07T06:35:53.089+0000] {taskinstance.py:1138} INFO - Marking task as SUCCESS. dag_id=customer_transactions_etl, task_id=transform_and_load, execution_date=20260407T063431, start_date=20260407T063514, end_date=20260407T063553
[2026-04-07T06:35:53.113+0000] {local_task_job_runner.py:234} INFO - Task exited with return code 0
[2026-04-07T06:35:53.131+0000] {taskinstance.py:3280} INFO - 1 downstream tasks scheduled from follow-on schedule check
