[2026-04-05T18:54:29.996+0000] {taskinstance.py:1956} INFO - Dependencies all met for dep_context=non-requeueable deps ti=<TaskInstance: customer_transactions_etl.generate_data manual__2026-04-05T18:54:28.288449+00:00 [queued]>
[2026-04-05T18:54:30.001+0000] {taskinstance.py:1956} INFO - Dependencies all met for dep_context=requeueable deps ti=<TaskInstance: customer_transactions_etl.generate_data manual__2026-04-05T18:54:28.288449+00:00 [queued]>
[2026-04-05T18:54:30.002+0000] {taskinstance.py:2170} INFO - Starting attempt 1 of 2
[2026-04-05T18:54:30.009+0000] {taskinstance.py:2191} INFO - Executing <Task(PythonOperator): generate_data> on 2026-04-05 18:54:28.288449+00:00
[2026-04-05T18:54:30.015+0000] {standard_task_runner.py:60} INFO - Started process 802 to run task
[2026-04-05T18:54:30.017+0000] {standard_task_runner.py:87} INFO - Running: ['***', 'tasks', 'run', 'customer_transactions_etl', 'generate_data', 'manual__2026-04-05T18:54:28.288449+00:00', '--job-id', '31', '--raw', '--subdir', 'DAGS_FOLDER/pipeline_dag.py', '--cfg-path', '/tmp/tmp4q7ovh5l']
[2026-04-05T18:54:30.018+0000] {standard_task_runner.py:88} INFO - Job 31: Subtask generate_data
[2026-04-05T18:54:30.053+0000] {task_command.py:423} INFO - Running <TaskInstance: customer_transactions_etl.generate_data manual__2026-04-05T18:54:28.288449+00:00 [running]> on host 397b70554f8d
[2026-04-05T18:54:30.109+0000] {taskinstance.py:2480} INFO - Exporting env vars: AIRFLOW_CTX_DAG_OWNER='data-engineering' AIRFLOW_CTX_DAG_ID='customer_transactions_etl' AIRFLOW_CTX_TASK_ID='generate_data' AIRFLOW_CTX_EXECUTION_DATE='2026-04-05T18:54:28.288449+00:00' AIRFLOW_CTX_TRY_NUMBER='1' AIRFLOW_CTX_DAG_RUN_ID='manual__2026-04-05T18:54:28.288449+00:00'
[2026-04-05T18:54:30.109+0000] {pipeline_dag.py:95} INFO - Starting data generation...
[2026-04-05T18:54:54.953+0000] {pipeline_dag.py:84} INFO - :: loading settings :: url = jar:file:/opt/spark/jars/ivy-2.5.1.jar!/org/apache/ivy/core/settings/ivysettings.xml
🔄  Generating records...
✅  Generated 1100 records (36 with amount ≤ 0, including duplicates)
📝  Writing Delta table to /opt/data/delta-lake/customer_transactions ...
✅  Initial write complete (version 0)
🔄  Appending 100 more records (creates version 1)...
✅  Append complete (version 1)

📜  Delta Table History:
+-------+-----------------------+---------+--------------------------------------+
|version|timestamp              |operation|operationParameters                   |
+-------+-----------------------+---------+--------------------------------------+
|5      |2026-04-05 18:54:50.861|WRITE    |{mode -> Append, partitionBy -> []}   |
|4      |2026-04-05 18:54:48.6  |WRITE    |{mode -> Overwrite, partitionBy -> []}|
|3      |2026-04-05 18:53:42.026|WRITE    |{mode -> Append, partitionBy -> []}   |
|2      |2026-04-05 18:53:39.268|WRITE    |{mode -> Overwrite, partitionBy -> []}|
|1      |2026-04-05 15:08:36.648|WRITE    |{mode -> Append, partitionBy -> []}   |
|0      |2026-04-05 15:08:31.857|WRITE    |{mode -> Overwrite, partitionBy -> []}|
+-------+-----------------------+---------+--------------------------------------+


📊  Total records in Delta table: 1200

🎉  Data generation complete!

[2026-04-05T18:54:54.953+0000] {pipeline_dag.py:108} INFO - Data generation completed ✅
[2026-04-05T18:54:54.953+0000] {pipeline_dag.py:109} INFO - :: loading settings :: url = jar:file:/opt/spark/jars/ivy-2.5.1.jar!/org/apache/ivy/core/settings/ivysettings.xml
🔄  Generating records...
✅  Generated 1100 records (36 with amount ≤ 0, including duplicates)
📝  Writing Delta table to /opt/data/delta-lake/customer_transactions ...
✅  Initial write complete (version 0)
🔄  Appending 100 more records (creates version 1)...
✅  Append complete (version 1)

📜  Delta Table History:
+-------+-----------------------+---------+--------------------------------------+
|version|timestamp              |operation|operationParameters                   |
+-------+-----------------------+---------+--------------------------------------+
|5      |2026-04-05 18:54:50.861|WRITE    |{mode -> Append, partitionBy -> []}   |
|4      |2026-04-05 18:54:48.6  |WRITE    |{mode -> Overwrite, partitionBy -> []}|
|3      |2026-04-05 18:53:42.026|WRITE    |{mode -> Append, partitionBy -> []}   |
|2      |2026-04-05 18:53:39.268|WRITE    |{mode -> Overwrite, partitionBy -> []}|
|1      |2026-04-05 15:08:36.648|WRITE    |{mode -> Append, partitionBy -> []}   |
|0      |2026-04-05 15:08:31.857|WRITE    |{mode -> Overwrite, partitionBy -> []}|
+-------+-----------------------+---------+--------------------------------------+


📊  Total records in Delta table: 1200

🎉  Data generation complete!

[2026-04-05T18:54:54.953+0000] {python.py:201} INFO - Done. Returned value was: None
[2026-04-05T18:54:54.963+0000] {taskinstance.py:1138} INFO - Marking task as SUCCESS. dag_id=customer_transactions_etl, task_id=generate_data, execution_date=20260405T185428, start_date=20260405T185429, end_date=20260405T185454
[2026-04-05T18:54:55.006+0000] {local_task_job_runner.py:234} INFO - Task exited with return code 0
[2026-04-05T18:54:55.024+0000] {taskinstance.py:3280} INFO - 1 downstream tasks scheduled from follow-on schedule check
