[2026-04-07T05:56:37.051+0000] {taskinstance.py:1956} INFO - Dependencies all met for dep_context=non-requeueable deps ti=<TaskInstance: customer_transactions_etl.verify_scylladb manual__2026-04-07T05:50:17.058005+00:00 [queued]>
[2026-04-07T05:56:37.056+0000] {taskinstance.py:1956} INFO - Dependencies all met for dep_context=requeueable deps ti=<TaskInstance: customer_transactions_etl.verify_scylladb manual__2026-04-07T05:50:17.058005+00:00 [queued]>
[2026-04-07T05:56:37.057+0000] {taskinstance.py:2170} INFO - Starting attempt 1 of 2
[2026-04-07T05:56:37.065+0000] {taskinstance.py:2191} INFO - Executing <Task(PythonOperator): verify_scylladb> on 2026-04-07 05:50:17.058005+00:00
[2026-04-07T05:56:37.071+0000] {standard_task_runner.py:60} INFO - Started process 349 to run task
[2026-04-07T05:56:37.073+0000] {standard_task_runner.py:87} INFO - Running: ['***', 'tasks', 'run', 'customer_transactions_etl', 'verify_scylladb', 'manual__2026-04-07T05:50:17.058005+00:00', '--job-id', '45', '--raw', '--subdir', 'DAGS_FOLDER/pipeline_dag.py', '--cfg-path', '/tmp/tmpygquxwx0']
[2026-04-07T05:56:37.075+0000] {standard_task_runner.py:88} INFO - Job 45: Subtask verify_scylladb
[2026-04-07T05:56:37.110+0000] {task_command.py:423} INFO - Running <TaskInstance: customer_transactions_etl.verify_scylladb manual__2026-04-07T05:50:17.058005+00:00 [running]> on host dd253c0ea888
[2026-04-07T05:56:37.171+0000] {taskinstance.py:2480} INFO - Exporting env vars: AIRFLOW_CTX_DAG_OWNER='data-engineering' AIRFLOW_CTX_DAG_ID='customer_transactions_etl' AIRFLOW_CTX_TASK_ID='verify_scylladb' AIRFLOW_CTX_EXECUTION_DATE='2026-04-07T05:50:17.058005+00:00' AIRFLOW_CTX_TRY_NUMBER='1' AIRFLOW_CTX_DAG_RUN_ID='manual__2026-04-07T05:50:17.058005+00:00'
[2026-04-07T05:56:37.650+0000] {pipeline_dag.py:164} INFO - 
[2026-04-07T05:56:37.650+0000] {pipeline_dag.py:167} ERROR - Connection error: ('Unable to connect to any servers', {'172.18.0.2:9042': ConnectionRefusedError(111, "Tried connecting to [('172.18.0.2', 9042)]. Last error: Connection refused")})

[2026-04-07T05:56:37.651+0000] {taskinstance.py:2698} ERROR - Task failed with exception
Traceback (most recent call last):
  File "/home/airflow/.local/lib/python3.11/site-packages/airflow/models/taskinstance.py", line 433, in _execute_task
    result = execute_callable(context=context, **execute_callable_kwargs)
             ^^^^^^^^^^^^^^^^^^^^^^^^^^^^^^^^^^^^^^^^^^^^^^^^^^^^^^^^^^^^
  File "/home/airflow/.local/lib/python3.11/site-packages/airflow/operators/python.py", line 199, in execute
    return_value = self.execute_callable()
                   ^^^^^^^^^^^^^^^^^^^^^^^
  File "/home/airflow/.local/lib/python3.11/site-packages/airflow/operators/python.py", line 216, in execute_callable
    return self.python_callable(*self.op_args, **self.op_kwargs)
           ^^^^^^^^^^^^^^^^^^^^^^^^^^^^^^^^^^^^^^^^^^^^^^^^^^^^^
  File "/opt/airflow/dags/pipeline_dag.py", line 168, in verify_scylladb_load
    raise Exception(f"ScyllaDB verification failed: {result.stderr}")
Exception: ScyllaDB verification failed: Connection error: ('Unable to connect to any servers', {'172.18.0.2:9042': ConnectionRefusedError(111, "Tried connecting to [('172.18.0.2', 9042)]. Last error: Connection refused")})

[2026-04-07T05:56:37.659+0000] {taskinstance.py:1138} INFO - Marking task as UP_FOR_RETRY. dag_id=customer_transactions_etl, task_id=verify_scylladb, execution_date=20260407T055017, start_date=20260407T055637, end_date=20260407T055637
[2026-04-07T05:56:37.667+0000] {standard_task_runner.py:107} ERROR - Failed to execute job 45 for task verify_scylladb (ScyllaDB verification failed: Connection error: ('Unable to connect to any servers', {'172.18.0.2:9042': ConnectionRefusedError(111, "Tried connecting to [('172.18.0.2', 9042)]. Last error: Connection refused")})
; 349)
[2026-04-07T05:56:37.686+0000] {local_task_job_runner.py:234} INFO - Task exited with return code 1
[2026-04-07T05:56:37.707+0000] {taskinstance.py:3280} INFO - 0 downstream tasks scheduled from follow-on schedule check
