[2026-04-05T18:51:17.580+0000] {taskinstance.py:1956} INFO - Dependencies all met for dep_context=non-requeueable deps ti=<TaskInstance: customer_transactions_etl.generate_data manual__2026-04-05T18:45:35.557641+00:00 [queued]>
[2026-04-05T18:51:17.585+0000] {taskinstance.py:1956} INFO - Dependencies all met for dep_context=requeueable deps ti=<TaskInstance: customer_transactions_etl.generate_data manual__2026-04-05T18:45:35.557641+00:00 [queued]>
[2026-04-05T18:51:17.585+0000] {taskinstance.py:2170} INFO - Starting attempt 5 of 6
[2026-04-05T18:51:17.593+0000] {taskinstance.py:2191} INFO - Executing <Task(PythonOperator): generate_data> on 2026-04-05 18:45:35.557641+00:00
[2026-04-05T18:51:17.597+0000] {standard_task_runner.py:60} INFO - Started process 742 to run task
[2026-04-05T18:51:17.600+0000] {standard_task_runner.py:87} INFO - Running: ['***', 'tasks', 'run', 'customer_transactions_etl', 'generate_data', 'manual__2026-04-05T18:45:35.557641+00:00', '--job-id', '28', '--raw', '--subdir', 'DAGS_FOLDER/pipeline_dag.py', '--cfg-path', '/tmp/tmp4rx7g_dn']
[2026-04-05T18:51:17.601+0000] {standard_task_runner.py:88} INFO - Job 28: Subtask generate_data
[2026-04-05T18:51:17.636+0000] {task_command.py:423} INFO - Running <TaskInstance: customer_transactions_etl.generate_data manual__2026-04-05T18:45:35.557641+00:00 [running]> on host 397b70554f8d
[2026-04-05T18:51:17.695+0000] {taskinstance.py:2480} INFO - Exporting env vars: AIRFLOW_CTX_DAG_OWNER='data-engineering' AIRFLOW_CTX_DAG_ID='customer_transactions_etl' AIRFLOW_CTX_TASK_ID='generate_data' AIRFLOW_CTX_EXECUTION_DATE='2026-04-05T18:45:35.557641+00:00' AIRFLOW_CTX_TRY_NUMBER='5' AIRFLOW_CTX_DAG_RUN_ID='manual__2026-04-05T18:45:35.557641+00:00'
[2026-04-05T18:51:17.696+0000] {pipeline_dag.py:96} INFO - Starting data generation...
[2026-04-05T18:51:20.481+0000] {pipeline_dag.py:85} INFO - :: loading settings :: url = jar:file:/opt/spark/jars/ivy-2.5.1.jar!/org/apache/ivy/core/settings/ivysettings.xml
Traceback (most recent call last):
  File "/usr/local/lib/python3.8/dist-packages/importlib_metadata/__init__.py", line 425, in from_name
    return next(iter(cls._prefer_valid(cls.discover(name=name))))
StopIteration

During handling of the above exception, another exception occurred:

Traceback (most recent call last):
  File "/root/.ivy2/jars/io.delta_delta-spark_2.12-3.1.0.jar/delta/pip_utils.py", line 69, in configure_spark_with_delta_pip
  File "/usr/local/lib/python3.8/dist-packages/importlib_metadata/__init__.py", line 1027, in version
    return distribution(distribution_name).version
  File "/usr/local/lib/python3.8/dist-packages/importlib_metadata/__init__.py", line 1000, in distribution
    return Distribution.from_name(distribution_name)
  File "/usr/local/lib/python3.8/dist-packages/importlib_metadata/__init__.py", line 427, in from_name
    raise PackageNotFoundError(name)
importlib_metadata.PackageNotFoundError: No package metadata was found for delta_spark

The above exception was the direct cause of the following exception:

Traceback (most recent call last):
  File "/opt/scripts/generate_data.py", line 35, in <module>
    spark = configure_spark_with_delta_pip(builder).getOrCreate()
  File "/root/.ivy2/jars/io.delta_delta-spark_2.12-3.1.0.jar/delta/pip_utils.py", line 75, in configure_spark_with_delta_pip
Exception: 
This function can be used only when Delta Lake has been locally installed with pip.
See the online documentation for the correct usage of this function.
        

[2026-04-05T18:51:20.481+0000] {pipeline_dag.py:87} ERROR - Ivy Default Cache set to: /root/.ivy2/cache
The jars for the packages stored in: /root/.ivy2/jars
io.delta#delta-spark_2.12 added as a dependency
:: resolving dependencies :: org.apache.spark#spark-submit-parent-a8ad920e-66ea-42e8-98cd-d036e863815f;1.0
	confs: [default]
	found io.delta#delta-spark_2.12;3.1.0 in central
	found io.delta#delta-storage;3.1.0 in central
	found org.antlr#antlr4-runtime;4.9.3 in central
:: resolution report :: resolve 134ms :: artifacts dl 6ms
	:: modules in use:
	io.delta#delta-spark_2.12;3.1.0 from central in [default]
	io.delta#delta-storage;3.1.0 from central in [default]
	org.antlr#antlr4-runtime;4.9.3 from central in [default]
	---------------------------------------------------------------------
	|                  |            modules            ||   artifacts   |
	|       conf       | number| search|dwnlded|evicted|| number|dwnlded|
	---------------------------------------------------------------------
	|      default     |   3   |   0   |   0   |   0   ||   3   |   0   |
	---------------------------------------------------------------------
:: retrieving :: org.apache.spark#spark-submit-parent-a8ad920e-66ea-42e8-98cd-d036e863815f
	confs: [default]
	0 artifacts copied, 3 already retrieved (0kB/5ms)
26/04/05 18:51:19 WARN NativeCodeLoader: Unable to load native-hadoop library for your platform... using builtin-java classes where applicable
26/04/05 18:51:20 INFO ShutdownHookManager: Shutdown hook called
26/04/05 18:51:20 INFO ShutdownHookManager: Deleting directory /tmp/spark-03e9026b-b3c8-4e19-8c36-932be9a271a8

[2026-04-05T18:51:20.481+0000] {taskinstance.py:2698} ERROR - Task failed with exception
Traceback (most recent call last):
  File "/home/airflow/.local/lib/python3.11/site-packages/airflow/models/taskinstance.py", line 433, in _execute_task
    result = execute_callable(context=context, **execute_callable_kwargs)
             ^^^^^^^^^^^^^^^^^^^^^^^^^^^^^^^^^^^^^^^^^^^^^^^^^^^^^^^^^^^^
  File "/home/airflow/.local/lib/python3.11/site-packages/airflow/operators/python.py", line 199, in execute
    return_value = self.execute_callable()
                   ^^^^^^^^^^^^^^^^^^^^^^^
  File "/home/airflow/.local/lib/python3.11/site-packages/airflow/operators/python.py", line 216, in execute_callable
    return self.python_callable(*self.op_args, **self.op_kwargs)
           ^^^^^^^^^^^^^^^^^^^^^^^^^^^^^^^^^^^^^^^^^^^^^^^^^^^^^
  File "/opt/airflow/dags/pipeline_dag.py", line 108, in run_data_generation
    output = run_docker_exec(cmd, "Data Generation")
             ^^^^^^^^^^^^^^^^^^^^^^^^^^^^^^^^^^^^^^^
  File "/opt/airflow/dags/pipeline_dag.py", line 88, in run_docker_exec
    raise Exception(f"{task_name} failed with return code {result.returncode}\n{result.stderr}")
Exception: Data Generation failed with return code 1
Ivy Default Cache set to: /root/.ivy2/cache
The jars for the packages stored in: /root/.ivy2/jars
io.delta#delta-spark_2.12 added as a dependency
:: resolving dependencies :: org.apache.spark#spark-submit-parent-a8ad920e-66ea-42e8-98cd-d036e863815f;1.0
	confs: [default]
	found io.delta#delta-spark_2.12;3.1.0 in central
	found io.delta#delta-storage;3.1.0 in central
	found org.antlr#antlr4-runtime;4.9.3 in central
:: resolution report :: resolve 134ms :: artifacts dl 6ms
	:: modules in use:
	io.delta#delta-spark_2.12;3.1.0 from central in [default]
	io.delta#delta-storage;3.1.0 from central in [default]
	org.antlr#antlr4-runtime;4.9.3 from central in [default]
	---------------------------------------------------------------------
	|                  |            modules            ||   artifacts   |
	|       conf       | number| search|dwnlded|evicted|| number|dwnlded|
	---------------------------------------------------------------------
	|      default     |   3   |   0   |   0   |   0   ||   3   |   0   |
	---------------------------------------------------------------------
:: retrieving :: org.apache.spark#spark-submit-parent-a8ad920e-66ea-42e8-98cd-d036e863815f
	confs: [default]
	0 artifacts copied, 3 already retrieved (0kB/5ms)
26/04/05 18:51:19 WARN NativeCodeLoader: Unable to load native-hadoop library for your platform... using builtin-java classes where applicable
26/04/05 18:51:20 INFO ShutdownHookManager: Shutdown hook called
26/04/05 18:51:20 INFO ShutdownHookManager: Deleting directory /tmp/spark-03e9026b-b3c8-4e19-8c36-932be9a271a8

[2026-04-05T18:51:20.491+0000] {taskinstance.py:1138} INFO - Marking task as UP_FOR_RETRY. dag_id=customer_transactions_etl, task_id=generate_data, execution_date=20260405T184535, start_date=20260405T185117, end_date=20260405T185120
[2026-04-05T18:51:20.499+0000] {standard_task_runner.py:107} ERROR - Failed to execute job 28 for task generate_data (Data Generation failed with return code 1
Ivy Default Cache set to: /root/.ivy2/cache
The jars for the packages stored in: /root/.ivy2/jars
io.delta#delta-spark_2.12 added as a dependency
:: resolving dependencies :: org.apache.spark#spark-submit-parent-a8ad920e-66ea-42e8-98cd-d036e863815f;1.0
	confs: [default]
	found io.delta#delta-spark_2.12;3.1.0 in central
	found io.delta#delta-storage;3.1.0 in central
	found org.antlr#antlr4-runtime;4.9.3 in central
:: resolution report :: resolve 134ms :: artifacts dl 6ms
	:: modules in use:
	io.delta#delta-spark_2.12;3.1.0 from central in [default]
	io.delta#delta-storage;3.1.0 from central in [default]
	org.antlr#antlr4-runtime;4.9.3 from central in [default]
	---------------------------------------------------------------------
	|                  |            modules            ||   artifacts   |
	|       conf       | number| search|dwnlded|evicted|| number|dwnlded|
	---------------------------------------------------------------------
	|      default     |   3   |   0   |   0   |   0   ||   3   |   0   |
	---------------------------------------------------------------------
:: retrieving :: org.apache.spark#spark-submit-parent-a8ad920e-66ea-42e8-98cd-d036e863815f
	confs: [default]
	0 artifacts copied, 3 already retrieved (0kB/5ms)
26/04/05 18:51:19 WARN NativeCodeLoader: Unable to load native-hadoop library for your platform... using builtin-java classes where applicable
26/04/05 18:51:20 INFO ShutdownHookManager: Shutdown hook called
26/04/05 18:51:20 INFO ShutdownHookManager: Deleting directory /tmp/spark-03e9026b-b3c8-4e19-8c36-932be9a271a8
; 742)
[2026-04-05T18:51:20.507+0000] {local_task_job_runner.py:234} INFO - Task exited with return code 1
[2026-04-05T18:51:20.526+0000] {taskinstance.py:3280} INFO - 0 downstream tasks scheduled from follow-on schedule check
