[2026-04-05T18:45:37.221+0000] {taskinstance.py:1956} INFO - Dependencies all met for dep_context=non-requeueable deps ti=<TaskInstance: customer_transactions_etl.generate_data manual__2026-04-05T18:45:35.557641+00:00 [queued]>
[2026-04-05T18:45:37.226+0000] {taskinstance.py:1956} INFO - Dependencies all met for dep_context=requeueable deps ti=<TaskInstance: customer_transactions_etl.generate_data manual__2026-04-05T18:45:35.557641+00:00 [queued]>
[2026-04-05T18:45:37.227+0000] {taskinstance.py:2170} INFO - Starting attempt 1 of 2
[2026-04-05T18:45:37.235+0000] {taskinstance.py:2191} INFO - Executing <Task(PythonOperator): generate_data> on 2026-04-05 18:45:35.557641+00:00
[2026-04-05T18:45:37.240+0000] {standard_task_runner.py:60} INFO - Started process 637 to run task
[2026-04-05T18:45:37.242+0000] {standard_task_runner.py:87} INFO - Running: ['***', 'tasks', 'run', 'customer_transactions_etl', 'generate_data', 'manual__2026-04-05T18:45:35.557641+00:00', '--job-id', '24', '--raw', '--subdir', 'DAGS_FOLDER/pipeline_dag.py', '--cfg-path', '/tmp/tmp9gbip6v0']
[2026-04-05T18:45:37.243+0000] {standard_task_runner.py:88} INFO - Job 24: Subtask generate_data
[2026-04-05T18:45:37.280+0000] {task_command.py:423} INFO - Running <TaskInstance: customer_transactions_etl.generate_data manual__2026-04-05T18:45:35.557641+00:00 [running]> on host 397b70554f8d
[2026-04-05T18:45:37.336+0000] {taskinstance.py:2480} INFO - Exporting env vars: AIRFLOW_CTX_DAG_OWNER='data-engineering' AIRFLOW_CTX_DAG_ID='customer_transactions_etl' AIRFLOW_CTX_TASK_ID='generate_data' AIRFLOW_CTX_EXECUTION_DATE='2026-04-05T18:45:35.557641+00:00' AIRFLOW_CTX_TRY_NUMBER='1' AIRFLOW_CTX_DAG_RUN_ID='manual__2026-04-05T18:45:35.557641+00:00'
[2026-04-05T18:45:37.337+0000] {pipeline_dag.py:84} INFO - Starting data generation...
[2026-04-05T18:45:37.337+0000] {taskinstance.py:2698} ERROR - Task failed with exception
Traceback (most recent call last):
  File "/home/airflow/.local/lib/python3.11/site-packages/airflow/models/taskinstance.py", line 433, in _execute_task
    result = execute_callable(context=context, **execute_callable_kwargs)
             ^^^^^^^^^^^^^^^^^^^^^^^^^^^^^^^^^^^^^^^^^^^^^^^^^^^^^^^^^^^^
  File "/home/airflow/.local/lib/python3.11/site-packages/airflow/operators/python.py", line 199, in execute
    return_value = self.execute_callable()
                   ^^^^^^^^^^^^^^^^^^^^^^^
  File "/home/airflow/.local/lib/python3.11/site-packages/airflow/operators/python.py", line 216, in execute_callable
    return self.python_callable(*self.op_args, **self.op_kwargs)
           ^^^^^^^^^^^^^^^^^^^^^^^^^^^^^^^^^^^^^^^^^^^^^^^^^^^^^
  File "/opt/airflow/dags/pipeline_dag.py", line 96, in run_data_generation
    output = run_docker_exec(cmd, "Data Generation")
             ^^^^^^^^^^^^^^^
NameError: name 'run_docker_exec' is not defined
[2026-04-05T18:45:37.346+0000] {taskinstance.py:1138} INFO - Marking task as UP_FOR_RETRY. dag_id=customer_transactions_etl, task_id=generate_data, execution_date=20260405T184535, start_date=20260405T184537, end_date=20260405T184537
[2026-04-05T18:45:37.352+0000] {standard_task_runner.py:107} ERROR - Failed to execute job 24 for task generate_data (name 'run_docker_exec' is not defined; 637)
[2026-04-05T18:45:37.374+0000] {local_task_job_runner.py:234} INFO - Task exited with return code 1
[2026-04-05T18:45:37.392+0000] {taskinstance.py:3280} INFO - 0 downstream tasks scheduled from follow-on schedule check
